[22-Jun-2020 14:06:49 Europe/Berlin] PHP Notice:  session_start(): A session had already been started - ignoring in C:\xampp1\htdocs\Fakultetska biblioteka\baza i conn\functions.php on line 2
[22-Jun-2020 14:06:49 Europe/Berlin] PHP Notice:  Undefined index: id in C:\xampp1\htdocs\Fakultetska biblioteka\index.php on line 9
[22-Jun-2020 14:08:29 Europe/Berlin] PHP Notice:  session_start(): A session had already been started - ignoring in C:\xampp1\htdocs\Fakultetska biblioteka\baza i conn\functions.php on line 2
[22-Jun-2020 14:08:29 Europe/Berlin] PHP Notice:  Undefined index: id in C:\xampp1\htdocs\Fakultetska biblioteka\index.php on line 9
[22-Jun-2020 14:08:39 Europe/Berlin] PHP Notice:  session_start(): A session had already been started - ignoring in C:\xampp1\htdocs\Fakultetska biblioteka\baza i conn\functions.php on line 2
[22-Jun-2020 14:08:39 Europe/Berlin] PHP Notice:  Undefined index: id in C:\xampp1\htdocs\Fakultetska biblioteka\index.php on line 9
[22-Jun-2020 14:09:04 Europe/Berlin] PHP Notice:  session_start(): A session had already been started - ignoring in C:\xampp1\htdocs\Fakultetska biblioteka\baza i conn\functions.php on line 2
[22-Jun-2020 14:09:04 Europe/Berlin] PHP Notice:  Undefined index: id in C:\xampp1\htdocs\Fakultetska biblioteka\index.php on line 9
[22-Jun-2020 14:13:43 Europe/Berlin] PHP Notice:  session_start(): A session had already been started - ignoring in C:\xampp1\htdocs\Fakultetska biblioteka\baza i conn\functions.php on line 2
[22-Jun-2020 14:13:43 Europe/Berlin] PHP Notice:  Undefined index: id in C:\xampp1\htdocs\Fakultetska biblioteka\index.php on line 9
[22-Jun-2020 14:13:45 Europe/Berlin] PHP Notice:  session_start(): A session had already been started - ignoring in C:\xampp1\htdocs\Fakultetska biblioteka\baza i conn\functions.php on line 2
[22-Jun-2020 14:13:45 Europe/Berlin] PHP Notice:  Undefined index: id in C:\xampp1\htdocs\Fakultetska biblioteka\index.php on line 9
[22-Jun-2020 14:15:02 Europe/Berlin] PHP Notice:  session_start(): A session had already been started - ignoring in C:\xampp1\htdocs\Fakultetska biblioteka\baza i conn\functions.php on line 2
[22-Jun-2020 14:15:02 Europe/Berlin] PHP Notice:  Undefined index: id in C:\xampp1\htdocs\Fakultetska biblioteka\index.php on line 9
[22-Jun-2020 14:16:14 Europe/Berlin] PHP Notice:  session_start(): A session had already been started - ignoring in C:\xampp1\htdocs\Fakultetska biblioteka\baza i conn\functions.php on line 2
[22-Jun-2020 14:16:14 Europe/Berlin] PHP Notice:  Undefined index: id in C:\xampp1\htdocs\Fakultetska biblioteka\index.php on line 9
[22-Jun-2020 15:24:50 Europe/Berlin] PHP Notice:  session_start(): A session had already been started - ignoring in C:\xampp1\htdocs\Fakultetska biblioteka\baza i conn\functions.php on line 2
[22-Jun-2020 15:24:50 Europe/Berlin] PHP Notice:  Undefined index: id in C:\xampp1\htdocs\Fakultetska biblioteka\index.php on line 9
[22-Jun-2020 15:25:11 Europe/Berlin] PHP Notice:  session_start(): A session had already been started - ignoring in C:\xampp1\htdocs\Fakultetska biblioteka\baza i conn\functions.php on line 2
[22-Jun-2020 15:25:11 Europe/Berlin] PHP Notice:  Undefined index: id in C:\xampp1\htdocs\Fakultetska biblioteka\index.php on line 9
[22-Jun-2020 15:25:18 Europe/Berlin] PHP Notice:  session_start(): A session had already been started - ignoring in C:\xampp1\htdocs\Fakultetska biblioteka\baza i conn\functions.php on line 2
[22-Jun-2020 15:25:18 Europe/Berlin] PHP Notice:  Undefined index: id in C:\xampp1\htdocs\Fakultetska biblioteka\index.php on line 9
[22-Jun-2020 15:40:11 Europe/Berlin] PHP Notice:  session_start(): A session had already been started - ignoring in C:\xampp1\htdocs\Fakultetska biblioteka\baza i conn\functions.php on line 2
[22-Jun-2020 15:40:11 Europe/Berlin] PHP Notice:  Undefined index: id in C:\xampp1\htdocs\Fakultetska biblioteka\index.php on line 9
[22-Jun-2020 15:40:23 Europe/Berlin] PHP Notice:  session_start(): A session had already been started - ignoring in C:\xampp1\htdocs\Fakultetska biblioteka\baza i conn\functions.php on line 2
[22-Jun-2020 15:40:23 Europe/Berlin] PHP Notice:  Undefined index: id in C:\xampp1\htdocs\Fakultetska biblioteka\index.php on line 9
[22-Jun-2020 18:06:22 Europe/Berlin] PHP Notice:  session_start(): A session had already been started - ignoring in C:\xampp1\htdocs\Fakultetska biblioteka\baza i conn\functions.php on line 2
[22-Jun-2020 18:06:22 Europe/Berlin] PHP Notice:  Undefined index: id in C:\xampp1\htdocs\Fakultetska biblioteka\index.php on line 9
[22-Jun-2020 18:06:35 Europe/Berlin] PHP Notice:  session_start(): A session had already been started - ignoring in C:\xampp1\htdocs\Fakultetska biblioteka\baza i conn\functions.php on line 2
[22-Jun-2020 18:06:35 Europe/Berlin] PHP Notice:  Undefined index: id in C:\xampp1\htdocs\Fakultetska biblioteka\index.php on line 9
[22-Jun-2020 18:17:28 Europe/Berlin] PHP Notice:  session_start(): A session had already been started - ignoring in C:\xampp1\htdocs\Fakultetska biblioteka\baza i conn\functions.php on line 2
[22-Jun-2020 18:17:28 Europe/Berlin] PHP Notice:  Undefined index: username in C:\xampp1\htdocs\Fakultetska biblioteka\adminn.php on line 40
[22-Jun-2020 18:17:28 Europe/Berlin] PHP Notice:  Undefined variable: search_rs in C:\xampp1\htdocs\Fakultetska biblioteka\adminn.php on line 132
[22-Jun-2020 18:17:28 Europe/Berlin] PHP Notice:  Undefined index: rezervacije in C:\xampp1\htdocs\Fakultetska biblioteka\adminn.php on line 154
[22-Jun-2020 18:17:28 Europe/Berlin] PHP Notice:  Undefined index: rezervacije in C:\xampp1\htdocs\Fakultetska biblioteka\adminn.php on line 154
[22-Jun-2020 18:17:28 Europe/Berlin] PHP Notice:  Undefined index: rezervacije in C:\xampp1\htdocs\Fakultetska biblioteka\adminn.php on line 154
[22-Jun-2020 18:17:28 Europe/Berlin] PHP Notice:  Undefined index: rezervacije in C:\xampp1\htdocs\Fakultetska biblioteka\adminn.php on line 154
[22-Jun-2020 18:17:28 Europe/Berlin] PHP Notice:  Undefined index: rezervacije in C:\xampp1\htdocs\Fakultetska biblioteka\adminn.php on line 154
[22-Jun-2020 18:17:28 Europe/Berlin] PHP Notice:  Undefined index: rezervacije in C:\xampp1\htdocs\Fakultetska biblioteka\adminn.php on line 154
[22-Jun-2020 18:17:28 Europe/Berlin] PHP Notice:  Undefined index: rezervacije in C:\xampp1\htdocs\Fakultetska biblioteka\adminn.php on line 154
[22-Jun-2020 18:17:28 Europe/Berlin] PHP Notice:  Undefined index: rezervacije in C:\xampp1\htdocs\Fakultetska biblioteka\adminn.php on line 154
[22-Jun-2020 18:17:28 Europe/Berlin] PHP Notice:  Undefined index: rezervacije in C:\xampp1\htdocs\Fakultetska biblioteka\adminn.php on line 154
[22-Jun-2020 18:17:28 Europe/Berlin] PHP Notice:  Undefined index: rezervacije in C:\xampp1\htdocs\Fakultetska biblioteka\adminn.php on line 154
[22-Jun-2020 18:17:28 Europe/Berlin] PHP Notice:  Undefined index: rezervacije in C:\xampp1\htdocs\Fakultetska biblioteka\adminn.php on line 154
[22-Jun-2020 18:17:28 Europe/Berlin] PHP Notice:  Undefined index: rezervacije in C:\xampp1\htdocs\Fakultetska biblioteka\adminn.php on line 154
[22-Jun-2020 18:17:28 Europe/Berlin] PHP Notice:  Undefined index: rezervacije in C:\xampp1\htdocs\Fakultetska biblioteka\adminn.php on line 154
[22-Jun-2020 18:17:28 Europe/Berlin] PHP Notice:  Undefined index: rezervacije in C:\xampp1\htdocs\Fakultetska biblioteka\adminn.php on line 154
[22-Jun-2020 18:17:28 Europe/Berlin] PHP Notice:  Undefined index: rezervacije in C:\xampp1\htdocs\Fakultetska biblioteka\adminn.php on line 154
[22-Jun-2020 18:17:28 Europe/Berlin] PHP Notice:  Undefined index: rezervacije in C:\xampp1\htdocs\Fakultetska biblioteka\adminn.php on line 154
[22-Jun-2020 18:17:43 Europe/Berlin] PHP Notice:  session_start(): A session had already been started - ignoring in C:\xampp1\htdocs\Fakultetska biblioteka\baza i conn\functions.php on line 2
[22-Jun-2020 18:17:43 Europe/Berlin] PHP Notice:  Undefined index: username in C:\xampp1\htdocs\Fakultetska biblioteka\adminn.php on line 40
[22-Jun-2020 18:17:43 Europe/Berlin] PHP Notice:  Undefined variable: search_rs in C:\xampp1\htdocs\Fakultetska biblioteka\adminn.php on line 132
[22-Jun-2020 18:17:43 Europe/Berlin] PHP Notice:  Undefined index: rezervacije in C:\xampp1\htdocs\Fakultetska biblioteka\adminn.php on line 154
[22-Jun-2020 18:17:43 Europe/Berlin] PHP Notice:  Undefined index: rezervacije in C:\xampp1\htdocs\Fakultetska biblioteka\adminn.php on line 154
[22-Jun-2020 18:17:43 Europe/Berlin] PHP Notice:  Undefined index: rezervacije in C:\xampp1\htdocs\Fakultetska biblioteka\adminn.php on line 154
[22-Jun-2020 18:17:43 Europe/Berlin] PHP Notice:  Undefined index: rezervacije in C:\xampp1\htdocs\Fakultetska biblioteka\adminn.php on line 154
[22-Jun-2020 18:17:43 Europe/Berlin] PHP Notice:  Undefined index: rezervacije in C:\xampp1\htdocs\Fakultetska biblioteka\adminn.php on line 154
[22-Jun-2020 18:17:43 Europe/Berlin] PHP Notice:  Undefined index: rezervacije in C:\xampp1\htdocs\Fakultetska biblioteka\adminn.php on line 154
[22-Jun-2020 18:17:43 Europe/Berlin] PHP Notice:  Undefined index: rezervacije in C:\xampp1\htdocs\Fakultetska biblioteka\adminn.php on line 154
[22-Jun-2020 18:17:43 Europe/Berlin] PHP Notice:  Undefined index: rezervacije in C:\xampp1\htdocs\Fakultetska biblioteka\adminn.php on line 154
[22-Jun-2020 18:17:43 Europe/Berlin] PHP Notice:  Undefined index: rezervacije in C:\xampp1\htdocs\Fakultetska biblioteka\adminn.php on line 154
[22-Jun-2020 18:17:43 Europe/Berlin] PHP Notice:  Undefined index: rezervacije in C:\xampp1\htdocs\Fakultetska biblioteka\adminn.php on line 154
[22-Jun-2020 18:17:43 Europe/Berlin] PHP Notice:  Undefined index: rezervacije in C:\xampp1\htdocs\Fakultetska biblioteka\adminn.php on line 154
[22-Jun-2020 18:17:43 Europe/Berlin] PHP Notice:  Undefined index: rezervacije in C:\xampp1\htdocs\Fakultetska biblioteka\adminn.php on line 154
[22-Jun-2020 18:17:43 Europe/Berlin] PHP Notice:  Undefined index: rezervacije in C:\xampp1\htdocs\Fakultetska biblioteka\adminn.php on line 154
[22-Jun-2020 18:17:43 Europe/Berlin] PHP Notice:  Undefined index: rezervacije in C:\xampp1\htdocs\Fakultetska biblioteka\adminn.php on line 154
[22-Jun-2020 18:17:43 Europe/Berlin] PHP Notice:  Undefined index: rezervacije in C:\xampp1\htdocs\Fakultetska biblioteka\adminn.php on line 154
[22-Jun-2020 18:17:46 Europe/Berlin] PHP Notice:  session_start(): A session had already been started - ignoring in C:\xampp1\htdocs\Fakultetska biblioteka\baza i conn\functions.php on line 2
[22-Jun-2020 18:17:46 Europe/Berlin] PHP Notice:  Undefined index: username in C:\xampp1\htdocs\Fakultetska biblioteka\adminn.php on line 40
[22-Jun-2020 18:17:46 Europe/Berlin] PHP Notice:  Undefined variable: search_rs in C:\xampp1\htdocs\Fakultetska biblioteka\adminn.php on line 132
[22-Jun-2020 18:17:46 Europe/Berlin] PHP Notice:  Undefined index: rezervacije in C:\xampp1\htdocs\Fakultetska biblioteka\adminn.php on line 154
[22-Jun-2020 18:17:46 Europe/Berlin] PHP Notice:  Undefined index: rezervacije in C:\xampp1\htdocs\Fakultetska biblioteka\adminn.php on line 154
[22-Jun-2020 18:17:46 Europe/Berlin] PHP Notice:  Undefined index: rezervacije in C:\xampp1\htdocs\Fakultetska biblioteka\adminn.php on line 154
[22-Jun-2020 18:17:46 Europe/Berlin] PHP Notice:  Undefined index: rezervacije in C:\xampp1\htdocs\Fakultetska biblioteka\adminn.php on line 154
[22-Jun-2020 18:17:46 Europe/Berlin] PHP Notice:  Undefined index: rezervacije in C:\xampp1\htdocs\Fakultetska biblioteka\adminn.php on line 154
[22-Jun-2020 18:17:46 Europe/Berlin] PHP Notice:  Undefined index: rezervacije in C:\xampp1\htdocs\Fakultetska biblioteka\adminn.php on line 154
[22-Jun-2020 18:17:46 Europe/Berlin] PHP Notice:  Undefined index: rezervacije in C:\xampp1\htdocs\Fakultetska biblioteka\adminn.php on line 154
[22-Jun-2020 18:17:46 Europe/Berlin] PHP Notice:  Undefined index: rezervacije in C:\xampp1\htdocs\Fakultetska biblioteka\adminn.php on line 154
[22-Jun-2020 18:17:46 Europe/Berlin] PHP Notice:  Undefined index: rezervacije in C:\xampp1\htdocs\Fakultetska biblioteka\adminn.php on line 154
[22-Jun-2020 18:17:46 Europe/Berlin] PHP Notice:  Undefined index: rezervacije in C:\xampp1\htdocs\Fakultetska biblioteka\adminn.php on line 154
[22-Jun-2020 18:17:46 Europe/Berlin] PHP Notice:  Undefined index: rezervacije in C:\xampp1\htdocs\Fakultetska biblioteka\adminn.php on line 154
[22-Jun-2020 18:17:46 Europe/Berlin] PHP Notice:  Undefined index: rezervacije in C:\xampp1\htdocs\Fakultetska biblioteka\adminn.php on line 154
[22-Jun-2020 18:17:46 Europe/Berlin] PHP Notice:  Undefined index: rezervacije in C:\xampp1\htdocs\Fakultetska biblioteka\adminn.php on line 154
[22-Jun-2020 18:17:47 Europe/Berlin] PHP Notice:  Undefined index: rezervacije in C:\xampp1\htdocs\Fakultetska biblioteka\adminn.php on line 154
[22-Jun-2020 18:17:50 Europe/Berlin] PHP Notice:  session_start(): A session had already been started - ignoring in C:\xampp1\htdocs\Fakultetska biblioteka\baza i conn\functions.php on line 2
[22-Jun-2020 18:17:50 Europe/Berlin] PHP Notice:  Undefined index: username in C:\xampp1\htdocs\Fakultetska biblioteka\adminn.php on line 40
[22-Jun-2020 18:17:50 Europe/Berlin] PHP Notice:  Undefined variable: search_rs in C:\xampp1\htdocs\Fakultetska biblioteka\adminn.php on line 132
[22-Jun-2020 18:17:50 Europe/Berlin] PHP Notice:  Undefined index: rezervacije in C:\xampp1\htdocs\Fakultetska biblioteka\adminn.php on line 154
[22-Jun-2020 18:17:50 Europe/Berlin] PHP Notice:  Undefined index: rezervacije in C:\xampp1\htdocs\Fakultetska biblioteka\adminn.php on line 154
[22-Jun-2020 18:17:50 Europe/Berlin] PHP Notice:  Undefined index: rezervacije in C:\xampp1\htdocs\Fakultetska biblioteka\adminn.php on line 154
[22-Jun-2020 18:17:50 Europe/Berlin] PHP Notice:  Undefined index: rezervacije in C:\xampp1\htdocs\Fakultetska biblioteka\adminn.php on line 154
[22-Jun-2020 18:17:50 Europe/Berlin] PHP Notice:  Undefined index: rezervacije in C:\xampp1\htdocs\Fakultetska biblioteka\adminn.php on line 154
[22-Jun-2020 18:17:50 Europe/Berlin] PHP Notice:  Undefined index: rezervacije in C:\xampp1\htdocs\Fakultetska biblioteka\adminn.php on line 154
[22-Jun-2020 18:17:50 Europe/Berlin] PHP Notice:  Undefined index: rezervacije in C:\xampp1\htdocs\Fakultetska biblioteka\adminn.php on line 154
[22-Jun-2020 18:17:50 Europe/Berlin] PHP Notice:  Undefined index: rezervacije in C:\xampp1\htdocs\Fakultetska biblioteka\adminn.php on line 154
[22-Jun-2020 18:17:50 Europe/Berlin] PHP Notice:  Undefined index: rezervacije in C:\xampp1\htdocs\Fakultetska biblioteka\adminn.php on line 154
[22-Jun-2020 18:17:50 Europe/Berlin] PHP Notice:  Undefined index: rezervacije in C:\xampp1\htdocs\Fakultetska biblioteka\adminn.php on line 154
[22-Jun-2020 18:17:50 Europe/Berlin] PHP Notice:  Undefined index: rezervacije in C:\xampp1\htdocs\Fakultetska biblioteka\adminn.php on line 154
[22-Jun-2020 18:17:50 Europe/Berlin] PHP Notice:  Undefined index: rezervacije in C:\xampp1\htdocs\Fakultetska biblioteka\adminn.php on line 154
[22-Jun-2020 18:17:50 Europe/Berlin] PHP Notice:  Undefined index: rezervacije in C:\xampp1\htdocs\Fakultetska biblioteka\adminn.php on line 154
[22-Jun-2020 18:17:55 Europe/Berlin] PHP Notice:  session_start(): A session had already been started - ignoring in C:\xampp1\htdocs\Fakultetska biblioteka\baza i conn\functions.php on line 2
[22-Jun-2020 18:17:55 Europe/Berlin] PHP Notice:  Undefined index: username in C:\xampp1\htdocs\Fakultetska biblioteka\adminn.php on line 40
[22-Jun-2020 18:17:55 Europe/Berlin] PHP Notice:  Undefined variable: search_rs in C:\xampp1\htdocs\Fakultetska biblioteka\adminn.php on line 132
[22-Jun-2020 18:17:55 Europe/Berlin] PHP Notice:  Undefined index: rezervacije in C:\xampp1\htdocs\Fakultetska biblioteka\adminn.php on line 154
[22-Jun-2020 18:17:55 Europe/Berlin] PHP Notice:  Undefined index: rezervacije in C:\xampp1\htdocs\Fakultetska biblioteka\adminn.php on line 154
[22-Jun-2020 18:17:55 Europe/Berlin] PHP Notice:  Undefined index: rezervacije in C:\xampp1\htdocs\Fakultetska biblioteka\adminn.php on line 154
[22-Jun-2020 18:17:55 Europe/Berlin] PHP Notice:  Undefined index: rezervacije in C:\xampp1\htdocs\Fakultetska biblioteka\adminn.php on line 154
[22-Jun-2020 18:17:55 Europe/Berlin] PHP Notice:  Undefined index: rezervacije in C:\xampp1\htdocs\Fakultetska biblioteka\adminn.php on line 154
[22-Jun-2020 18:17:55 Europe/Berlin] PHP Notice:  Undefined index: rezervacije in C:\xampp1\htdocs\Fakultetska biblioteka\adminn.php on line 154
[22-Jun-2020 18:17:55 Europe/Berlin] PHP Notice:  Undefined index: rezervacije in C:\xampp1\htdocs\Fakultetska biblioteka\adminn.php on line 154
[22-Jun-2020 18:17:55 Europe/Berlin] PHP Notice:  Undefined index: rezervacije in C:\xampp1\htdocs\Fakultetska biblioteka\adminn.php on line 154
[22-Jun-2020 18:17:55 Europe/Berlin] PHP Notice:  Undefined index: rezervacije in C:\xampp1\htdocs\Fakultetska biblioteka\adminn.php on line 154
[22-Jun-2020 18:17:55 Europe/Berlin] PHP Notice:  Undefined index: rezervacije in C:\xampp1\htdocs\Fakultetska biblioteka\adminn.php on line 154
[22-Jun-2020 18:17:55 Europe/Berlin] PHP Notice:  Undefined index: rezervacije in C:\xampp1\htdocs\Fakultetska biblioteka\adminn.php on line 154
[22-Jun-2020 18:17:55 Europe/Berlin] PHP Notice:  Undefined index: rezervacije in C:\xampp1\htdocs\Fakultetska biblioteka\adminn.php on line 154
[22-Jun-2020 18:17:59 Europe/Berlin] PHP Notice:  session_start(): A session had already been started - ignoring in C:\xampp1\htdocs\Fakultetska biblioteka\baza i conn\functions.php on line 2
[22-Jun-2020 18:17:59 Europe/Berlin] PHP Notice:  Undefined index: username in C:\xampp1\htdocs\Fakultetska biblioteka\adminn.php on line 40
[22-Jun-2020 18:17:59 Europe/Berlin] PHP Notice:  Undefined variable: search_rs in C:\xampp1\htdocs\Fakultetska biblioteka\adminn.php on line 132
[22-Jun-2020 18:17:59 Europe/Berlin] PHP Notice:  Undefined index: rezervacije in C:\xampp1\htdocs\Fakultetska biblioteka\adminn.php on line 154
[22-Jun-2020 18:17:59 Europe/Berlin] PHP Notice:  Undefined index: rezervacije in C:\xampp1\htdocs\Fakultetska biblioteka\adminn.php on line 154
[22-Jun-2020 18:17:59 Europe/Berlin] PHP Notice:  Undefined index: rezervacije in C:\xampp1\htdocs\Fakultetska biblioteka\adminn.php on line 154
[22-Jun-2020 18:17:59 Europe/Berlin] PHP Notice:  Undefined index: rezervacije in C:\xampp1\htdocs\Fakultetska biblioteka\adminn.php on line 154
[22-Jun-2020 18:17:59 Europe/Berlin] PHP Notice:  Undefined index: rezervacije in C:\xampp1\htdocs\Fakultetska biblioteka\adminn.php on line 154
[22-Jun-2020 18:17:59 Europe/Berlin] PHP Notice:  Undefined index: rezervacije in C:\xampp1\htdocs\Fakultetska biblioteka\adminn.php on line 154
[22-Jun-2020 18:17:59 Europe/Berlin] PHP Notice:  Undefined index: rezervacije in C:\xampp1\htdocs\Fakultetska biblioteka\adminn.php on line 154
[22-Jun-2020 18:17:59 Europe/Berlin] PHP Notice:  Undefined index: rezervacije in C:\xampp1\htdocs\Fakultetska biblioteka\adminn.php on line 154
[22-Jun-2020 18:17:59 Europe/Berlin] PHP Notice:  Undefined index: rezervacije in C:\xampp1\htdocs\Fakultetska biblioteka\adminn.php on line 154
[22-Jun-2020 18:17:59 Europe/Berlin] PHP Notice:  Undefined index: rezervacije in C:\xampp1\htdocs\Fakultetska biblioteka\adminn.php on line 154
[22-Jun-2020 18:17:59 Europe/Berlin] PHP Notice:  Undefined index: rezervacije in C:\xampp1\htdocs\Fakultetska biblioteka\adminn.php on line 154
[22-Jun-2020 18:18:11 Europe/Berlin] PHP Notice:  session_start(): A session had already been started - ignoring in C:\xampp1\htdocs\Fakultetska biblioteka\baza i conn\functions.php on line 2
[22-Jun-2020 18:18:11 Europe/Berlin] PHP Notice:  Undefined index: username in C:\xampp1\htdocs\Fakultetska biblioteka\adminn.php on line 40
[22-Jun-2020 18:18:11 Europe/Berlin] PHP Notice:  Undefined variable: search_rs in C:\xampp1\htdocs\Fakultetska biblioteka\adminn.php on line 132
[22-Jun-2020 18:18:11 Europe/Berlin] PHP Notice:  Undefined index: rezervacije in C:\xampp1\htdocs\Fakultetska biblioteka\adminn.php on line 154
[22-Jun-2020 18:18:11 Europe/Berlin] PHP Notice:  Undefined index: rezervacije in C:\xampp1\htdocs\Fakultetska biblioteka\adminn.php on line 154
[22-Jun-2020 18:18:12 Europe/Berlin] PHP Notice:  Undefined index: rezervacije in C:\xampp1\htdocs\Fakultetska biblioteka\adminn.php on line 154
[22-Jun-2020 18:18:12 Europe/Berlin] PHP Notice:  Undefined index: rezervacije in C:\xampp1\htdocs\Fakultetska biblioteka\adminn.php on line 154
[22-Jun-2020 18:18:12 Europe/Berlin] PHP Notice:  Undefined index: rezervacije in C:\xampp1\htdocs\Fakultetska biblioteka\adminn.php on line 154
[22-Jun-2020 18:18:12 Europe/Berlin] PHP Notice:  Undefined index: rezervacije in C:\xampp1\htdocs\Fakultetska biblioteka\adminn.php on line 154
[22-Jun-2020 18:18:12 Europe/Berlin] PHP Notice:  Undefined index: rezervacije in C:\xampp1\htdocs\Fakultetska biblioteka\adminn.php on line 154
[22-Jun-2020 18:18:12 Europe/Berlin] PHP Notice:  Undefined index: rezervacije in C:\xampp1\htdocs\Fakultetska biblioteka\adminn.php on line 154
[22-Jun-2020 18:18:12 Europe/Berlin] PHP Notice:  Undefined index: rezervacije in C:\xampp1\htdocs\Fakultetska biblioteka\adminn.php on line 154
[22-Jun-2020 18:18:12 Europe/Berlin] PHP Notice:  Undefined index: rezervacije in C:\xampp1\htdocs\Fakultetska biblioteka\adminn.php on line 154
[22-Jun-2020 18:25:19 Europe/Berlin] PHP Notice:  session_start(): A session had already been started - ignoring in C:\xampp1\htdocs\Fakultetska biblioteka\baza i conn\functions.php on line 2
[22-Jun-2020 18:25:19 Europe/Berlin] PHP Notice:  Undefined index: id in C:\xampp1\htdocs\Fakultetska biblioteka\index.php on line 9
[22-Jun-2020 20:48:22 Europe/Berlin] PHP Notice:  session_start(): A session had already been started - ignoring in C:\xampp1\htdocs\Fakultetska biblioteka\baza i conn\functions.php on line 2
[22-Jun-2020 20:48:22 Europe/Berlin] PHP Notice:  Undefined index: id in C:\xampp1\htdocs\Fakultetska biblioteka\index.php on line 9
[24-Jun-2020 11:43:04 Europe/Berlin] PHP Notice:  session_start(): A session had already been started - ignoring in C:\xampp1\htdocs\Fakultetska biblioteka\baza i conn\functions.php on line 2
[24-Jun-2020 11:43:04 Europe/Berlin] PHP Notice:  Undefined index: id in C:\xampp1\htdocs\Fakultetska biblioteka\index.php on line 9
[24-Jun-2020 11:43:21 Europe/Berlin] PHP Notice:  session_start(): A session had already been started - ignoring in C:\xampp1\htdocs\Fakultetska biblioteka\baza i conn\functions.php on line 2
[24-Jun-2020 11:43:21 Europe/Berlin] PHP Notice:  Undefined index: id in C:\xampp1\htdocs\Fakultetska biblioteka\index.php on line 9
[24-Jun-2020 11:43:26 Europe/Berlin] PHP Notice:  session_start(): A session had already been started - ignoring in C:\xampp1\htdocs\Fakultetska biblioteka\baza i conn\functions.php on line 2
[24-Jun-2020 11:43:26 Europe/Berlin] PHP Notice:  Undefined index: id in C:\xampp1\htdocs\Fakultetska biblioteka\index.php on line 9
[27-Jun-2020 12:04:48 Europe/Berlin] PHP Notice:  session_start(): A session had already been started - ignoring in C:\xampp1\htdocs\Fakultetska biblioteka\baza i conn\functions.php on line 2
[27-Jun-2020 12:04:48 Europe/Berlin] PHP Notice:  Undefined index: id in C:\xampp1\htdocs\Fakultetska biblioteka\index.php on line 9
[27-Jun-2020 12:05:06 Europe/Berlin] PHP Notice:  session_start(): A session had already been started - ignoring in C:\xampp1\htdocs\Fakultetska biblioteka\baza i conn\functions.php on line 2
[27-Jun-2020 12:05:06 Europe/Berlin] PHP Notice:  Undefined index: id in C:\xampp1\htdocs\Fakultetska biblioteka\index.php on line 9
[27-Jun-2020 12:06:32 Europe/Berlin] PHP Notice:  session_start(): A session had already been started - ignoring in C:\xampp1\htdocs\Fakultetska biblioteka\baza i conn\functions.php on line 2
[27-Jun-2020 12:06:32 Europe/Berlin] PHP Notice:  Undefined index: username in C:\xampp1\htdocs\Fakultetska biblioteka\adminn.php on line 40
[27-Jun-2020 12:06:32 Europe/Berlin] PHP Notice:  Undefined variable: search_rs in C:\xampp1\htdocs\Fakultetska biblioteka\adminn.php on line 132
[27-Jun-2020 12:06:32 Europe/Berlin] PHP Notice:  Undefined index: rezervacije in C:\xampp1\htdocs\Fakultetska biblioteka\adminn.php on line 154
[27-Jun-2020 12:06:32 Europe/Berlin] PHP Notice:  Undefined index: rezervacije in C:\xampp1\htdocs\Fakultetska biblioteka\adminn.php on line 154
[27-Jun-2020 12:06:32 Europe/Berlin] PHP Notice:  Undefined index: rezervacije in C:\xampp1\htdocs\Fakultetska biblioteka\adminn.php on line 154
[27-Jun-2020 12:06:32 Europe/Berlin] PHP Notice:  Undefined index: rezervacije in C:\xampp1\htdocs\Fakultetska biblioteka\adminn.php on line 154
[27-Jun-2020 12:06:32 Europe/Berlin] PHP Notice:  Undefined index: rezervacije in C:\xampp1\htdocs\Fakultetska biblioteka\adminn.php on line 154
[27-Jun-2020 12:06:32 Europe/Berlin] PHP Notice:  Undefined index: rezervacije in C:\xampp1\htdocs\Fakultetska biblioteka\adminn.php on line 154
[27-Jun-2020 12:06:32 Europe/Berlin] PHP Notice:  Undefined index: rezervacije in C:\xampp1\htdocs\Fakultetska biblioteka\adminn.php on line 154
[27-Jun-2020 12:06:32 Europe/Berlin] PHP Notice:  Undefined index: rezervacije in C:\xampp1\htdocs\Fakultetska biblioteka\adminn.php on line 154
[27-Jun-2020 12:06:33 Europe/Berlin] PHP Notice:  Undefined index: rezervacije in C:\xampp1\htdocs\Fakultetska biblioteka\adminn.php on line 154
[27-Jun-2020 12:06:33 Europe/Berlin] PHP Notice:  Undefined index: rezervacije in C:\xampp1\htdocs\Fakultetska biblioteka\adminn.php on line 154
[27-Jun-2020 12:06:33 Europe/Berlin] PHP Notice:  Undefined index: rezervacije in C:\xampp1\htdocs\Fakultetska biblioteka\adminn.php on line 154
[27-Jun-2020 12:06:56 Europe/Berlin] PHP Notice:  session_start(): A session had already been started - ignoring in C:\xampp1\htdocs\Fakultetska biblioteka\baza i conn\functions.php on line 2
[27-Jun-2020 12:06:56 Europe/Berlin] PHP Notice:  Undefined index: username in C:\xampp1\htdocs\Fakultetska biblioteka\adminn.php on line 40
[27-Jun-2020 12:06:56 Europe/Berlin] PHP Notice:  Undefined variable: search_rs in C:\xampp1\htdocs\Fakultetska biblioteka\adminn.php on line 132
[27-Jun-2020 12:06:56 Europe/Berlin] PHP Notice:  Undefined index: rezervacije in C:\xampp1\htdocs\Fakultetska biblioteka\adminn.php on line 154
[27-Jun-2020 12:06:56 Europe/Berlin] PHP Notice:  Undefined index: rezervacije in C:\xampp1\htdocs\Fakultetska biblioteka\adminn.php on line 154
[27-Jun-2020 12:06:56 Europe/Berlin] PHP Notice:  Undefined index: rezervacije in C:\xampp1\htdocs\Fakultetska biblioteka\adminn.php on line 154
[27-Jun-2020 12:06:56 Europe/Berlin] PHP Notice:  Undefined index: rezervacije in C:\xampp1\htdocs\Fakultetska biblioteka\adminn.php on line 154
[27-Jun-2020 12:06:56 Europe/Berlin] PHP Notice:  Undefined index: rezervacije in C:\xampp1\htdocs\Fakultetska biblioteka\adminn.php on line 154
[27-Jun-2020 12:06:56 Europe/Berlin] PHP Notice:  Undefined index: rezervacije in C:\xampp1\htdocs\Fakultetska biblioteka\adminn.php on line 154
[27-Jun-2020 12:06:56 Europe/Berlin] PHP Notice:  Undefined index: rezervacije in C:\xampp1\htdocs\Fakultetska biblioteka\adminn.php on line 154
[27-Jun-2020 12:06:56 Europe/Berlin] PHP Notice:  Undefined index: rezervacije in C:\xampp1\htdocs\Fakultetska biblioteka\adminn.php on line 154
[27-Jun-2020 12:06:56 Europe/Berlin] PHP Notice:  Undefined index: rezervacije in C:\xampp1\htdocs\Fakultetska biblioteka\adminn.php on line 154
[27-Jun-2020 12:06:56 Europe/Berlin] PHP Notice:  Undefined index: rezervacije in C:\xampp1\htdocs\Fakultetska biblioteka\adminn.php on line 154
[27-Jun-2020 12:06:56 Europe/Berlin] PHP Notice:  Undefined index: rezervacije in C:\xampp1\htdocs\Fakultetska biblioteka\adminn.php on line 154
[27-Jun-2020 12:07:16 Europe/Berlin] PHP Notice:  session_start(): A session had already been started - ignoring in C:\xampp1\htdocs\Fakultetska biblioteka\baza i conn\functions.php on line 2
[27-Jun-2020 12:07:16 Europe/Berlin] PHP Notice:  Undefined index: username in C:\xampp1\htdocs\Fakultetska biblioteka\adminn.php on line 40
[27-Jun-2020 12:07:16 Europe/Berlin] PHP Notice:  Undefined variable: search_rs in C:\xampp1\htdocs\Fakultetska biblioteka\adminn.php on line 132
[27-Jun-2020 12:07:16 Europe/Berlin] PHP Notice:  Undefined index: rezervacije in C:\xampp1\htdocs\Fakultetska biblioteka\adminn.php on line 154
[27-Jun-2020 12:07:16 Europe/Berlin] PHP Notice:  Undefined index: rezervacije in C:\xampp1\htdocs\Fakultetska biblioteka\adminn.php on line 154
[27-Jun-2020 12:07:16 Europe/Berlin] PHP Notice:  Undefined index: rezervacije in C:\xampp1\htdocs\Fakultetska biblioteka\adminn.php on line 154
[27-Jun-2020 12:07:16 Europe/Berlin] PHP Notice:  Undefined index: rezervacije in C:\xampp1\htdocs\Fakultetska biblioteka\adminn.php on line 154
[27-Jun-2020 12:07:16 Europe/Berlin] PHP Notice:  Undefined index: rezervacije in C:\xampp1\htdocs\Fakultetska biblioteka\adminn.php on line 154
[27-Jun-2020 12:07:16 Europe/Berlin] PHP Notice:  Undefined index: rezervacije in C:\xampp1\htdocs\Fakultetska biblioteka\adminn.php on line 154
[27-Jun-2020 12:07:16 Europe/Berlin] PHP Notice:  Undefined index: rezervacije in C:\xampp1\htdocs\Fakultetska biblioteka\adminn.php on line 154
[27-Jun-2020 12:07:16 Europe/Berlin] PHP Notice:  Undefined index: rezervacije in C:\xampp1\htdocs\Fakultetska biblioteka\adminn.php on line 154
[27-Jun-2020 12:07:16 Europe/Berlin] PHP Notice:  Undefined index: rezervacije in C:\xampp1\htdocs\Fakultetska biblioteka\adminn.php on line 154
[27-Jun-2020 12:07:16 Europe/Berlin] PHP Notice:  Undefined index: rezervacije in C:\xampp1\htdocs\Fakultetska biblioteka\adminn.php on line 154
[27-Jun-2020 12:07:16 Europe/Berlin] PHP Notice:  Undefined index: rezervacije in C:\xampp1\htdocs\Fakultetska biblioteka\adminn.php on line 154
[27-Jun-2020 12:07:21 Europe/Berlin] PHP Notice:  session_start(): A session had already been started - ignoring in C:\xampp1\htdocs\Fakultetska biblioteka\baza i conn\functions.php on line 2
[27-Jun-2020 12:07:21 Europe/Berlin] PHP Notice:  Undefined index: username in C:\xampp1\htdocs\Fakultetska biblioteka\adminn.php on line 40
[27-Jun-2020 12:07:21 Europe/Berlin] PHP Notice:  Undefined variable: search_rs in C:\xampp1\htdocs\Fakultetska biblioteka\adminn.php on line 132
[27-Jun-2020 12:07:21 Europe/Berlin] PHP Notice:  Undefined index: rezervacije in C:\xampp1\htdocs\Fakultetska biblioteka\adminn.php on line 154
[27-Jun-2020 12:07:21 Europe/Berlin] PHP Notice:  Undefined index: rezervacije in C:\xampp1\htdocs\Fakultetska biblioteka\adminn.php on line 154
[27-Jun-2020 12:07:21 Europe/Berlin] PHP Notice:  Undefined index: rezervacije in C:\xampp1\htdocs\Fakultetska biblioteka\adminn.php on line 154
[27-Jun-2020 12:07:21 Europe/Berlin] PHP Notice:  Undefined index: rezervacije in C:\xampp1\htdocs\Fakultetska biblioteka\adminn.php on line 154
[27-Jun-2020 12:07:21 Europe/Berlin] PHP Notice:  Undefined index: rezervacije in C:\xampp1\htdocs\Fakultetska biblioteka\adminn.php on line 154
[27-Jun-2020 12:07:21 Europe/Berlin] PHP Notice:  Undefined index: rezervacije in C:\xampp1\htdocs\Fakultetska biblioteka\adminn.php on line 154
[27-Jun-2020 12:07:21 Europe/Berlin] PHP Notice:  Undefined index: rezervacije in C:\xampp1\htdocs\Fakultetska biblioteka\adminn.php on line 154
[27-Jun-2020 12:07:21 Europe/Berlin] PHP Notice:  Undefined index: rezervacije in C:\xampp1\htdocs\Fakultetska biblioteka\adminn.php on line 154
[27-Jun-2020 12:07:21 Europe/Berlin] PHP Notice:  Undefined index: rezervacije in C:\xampp1\htdocs\Fakultetska biblioteka\adminn.php on line 154
[27-Jun-2020 12:07:21 Europe/Berlin] PHP Notice:  Undefined index: rezervacije in C:\xampp1\htdocs\Fakultetska biblioteka\adminn.php on line 154
[27-Jun-2020 12:07:21 Europe/Berlin] PHP Notice:  Undefined index: rezervacije in C:\xampp1\htdocs\Fakultetska biblioteka\adminn.php on line 154
[27-Jun-2020 12:07:57 Europe/Berlin] PHP Notice:  session_start(): A session had already been started - ignoring in C:\xampp1\htdocs\Fakultetska biblioteka\baza i conn\functions.php on line 2
[27-Jun-2020 12:07:57 Europe/Berlin] PHP Notice:  Undefined index: username in C:\xampp1\htdocs\Fakultetska biblioteka\adminn.php on line 40
[27-Jun-2020 12:07:57 Europe/Berlin] PHP Notice:  Undefined variable: search_rs in C:\xampp1\htdocs\Fakultetska biblioteka\adminn.php on line 132
[27-Jun-2020 12:07:57 Europe/Berlin] PHP Notice:  Undefined index: rezervacije in C:\xampp1\htdocs\Fakultetska biblioteka\adminn.php on line 154
[27-Jun-2020 12:07:57 Europe/Berlin] PHP Notice:  Undefined index: rezervacije in C:\xampp1\htdocs\Fakultetska biblioteka\adminn.php on line 154
[27-Jun-2020 12:07:57 Europe/Berlin] PHP Notice:  Undefined index: rezervacije in C:\xampp1\htdocs\Fakultetska biblioteka\adminn.php on line 154
[27-Jun-2020 12:07:58 Europe/Berlin] PHP Notice:  Undefined index: rezervacije in C:\xampp1\htdocs\Fakultetska biblioteka\adminn.php on line 154
[27-Jun-2020 12:07:58 Europe/Berlin] PHP Notice:  Undefined index: rezervacije in C:\xampp1\htdocs\Fakultetska biblioteka\adminn.php on line 154
[27-Jun-2020 12:07:58 Europe/Berlin] PHP Notice:  Undefined index: rezervacije in C:\xampp1\htdocs\Fakultetska biblioteka\adminn.php on line 154
[27-Jun-2020 12:07:58 Europe/Berlin] PHP Notice:  Undefined index: rezervacije in C:\xampp1\htdocs\Fakultetska biblioteka\adminn.php on line 154
[27-Jun-2020 12:07:58 Europe/Berlin] PHP Notice:  Undefined index: rezervacije in C:\xampp1\htdocs\Fakultetska biblioteka\adminn.php on line 154
[27-Jun-2020 12:07:58 Europe/Berlin] PHP Notice:  Undefined index: rezervacije in C:\xampp1\htdocs\Fakultetska biblioteka\adminn.php on line 154
[27-Jun-2020 12:07:58 Europe/Berlin] PHP Notice:  Undefined index: rezervacije in C:\xampp1\htdocs\Fakultetska biblioteka\adminn.php on line 154
[27-Jun-2020 12:07:58 Europe/Berlin] PHP Notice:  Undefined index: rezervacije in C:\xampp1\htdocs\Fakultetska biblioteka\adminn.php on line 154
[27-Jun-2020 12:08:03 Europe/Berlin] PHP Notice:  session_start(): A session had already been started - ignoring in C:\xampp1\htdocs\Fakultetska biblioteka\baza i conn\functions.php on line 2
[27-Jun-2020 12:08:03 Europe/Berlin] PHP Notice:  Undefined index: username in C:\xampp1\htdocs\Fakultetska biblioteka\adminn.php on line 40
[27-Jun-2020 12:08:03 Europe/Berlin] PHP Notice:  Undefined variable: search_rs in C:\xampp1\htdocs\Fakultetska biblioteka\adminn.php on line 132
[27-Jun-2020 12:08:03 Europe/Berlin] PHP Notice:  Undefined index: rezervacije in C:\xampp1\htdocs\Fakultetska biblioteka\adminn.php on line 154
[27-Jun-2020 12:08:03 Europe/Berlin] PHP Notice:  Undefined index: rezervacije in C:\xampp1\htdocs\Fakultetska biblioteka\adminn.php on line 154
[27-Jun-2020 12:08:03 Europe/Berlin] PHP Notice:  Undefined index: rezervacije in C:\xampp1\htdocs\Fakultetska biblioteka\adminn.php on line 154
[27-Jun-2020 12:08:03 Europe/Berlin] PHP Notice:  Undefined index: rezervacije in C:\xampp1\htdocs\Fakultetska biblioteka\adminn.php on line 154
[27-Jun-2020 12:08:03 Europe/Berlin] PHP Notice:  Undefined index: rezervacije in C:\xampp1\htdocs\Fakultetska biblioteka\adminn.php on line 154
[27-Jun-2020 12:08:03 Europe/Berlin] PHP Notice:  Undefined index: rezervacije in C:\xampp1\htdocs\Fakultetska biblioteka\adminn.php on line 154
[27-Jun-2020 12:08:03 Europe/Berlin] PHP Notice:  Undefined index: rezervacije in C:\xampp1\htdocs\Fakultetska biblioteka\adminn.php on line 154
[27-Jun-2020 12:08:03 Europe/Berlin] PHP Notice:  Undefined index: rezervacije in C:\xampp1\htdocs\Fakultetska biblioteka\adminn.php on line 154
[27-Jun-2020 12:08:03 Europe/Berlin] PHP Notice:  Undefined index: rezervacije in C:\xampp1\htdocs\Fakultetska biblioteka\adminn.php on line 154
[27-Jun-2020 12:08:03 Europe/Berlin] PHP Notice:  Undefined index: rezervacije in C:\xampp1\htdocs\Fakultetska biblioteka\adminn.php on line 154
[27-Jun-2020 12:08:03 Europe/Berlin] PHP Notice:  Undefined index: rezervacije in C:\xampp1\htdocs\Fakultetska biblioteka\adminn.php on line 154
[27-Jun-2020 12:08:06 Europe/Berlin] PHP Notice:  session_start(): A session had already been started - ignoring in C:\xampp1\htdocs\Fakultetska biblioteka\baza i conn\functions.php on line 2
[27-Jun-2020 12:08:06 Europe/Berlin] PHP Notice:  Undefined index: username in C:\xampp1\htdocs\Fakultetska biblioteka\adminn.php on line 40
[27-Jun-2020 12:08:06 Europe/Berlin] PHP Notice:  Undefined variable: search_rs in C:\xampp1\htdocs\Fakultetska biblioteka\adminn.php on line 132
[27-Jun-2020 12:08:06 Europe/Berlin] PHP Notice:  Undefined index: rezervacije in C:\xampp1\htdocs\Fakultetska biblioteka\adminn.php on line 154
[27-Jun-2020 12:08:07 Europe/Berlin] PHP Notice:  Undefined index: rezervacije in C:\xampp1\htdocs\Fakultetska biblioteka\adminn.php on line 154
[27-Jun-2020 12:08:07 Europe/Berlin] PHP Notice:  Undefined index: rezervacije in C:\xampp1\htdocs\Fakultetska biblioteka\adminn.php on line 154
[27-Jun-2020 12:08:07 Europe/Berlin] PHP Notice:  Undefined index: rezervacije in C:\xampp1\htdocs\Fakultetska biblioteka\adminn.php on line 154
[27-Jun-2020 12:08:07 Europe/Berlin] PHP Notice:  Undefined index: rezervacije in C:\xampp1\htdocs\Fakultetska biblioteka\adminn.php on line 154
[27-Jun-2020 12:08:07 Europe/Berlin] PHP Notice:  Undefined index: rezervacije in C:\xampp1\htdocs\Fakultetska biblioteka\adminn.php on line 154
[27-Jun-2020 12:08:07 Europe/Berlin] PHP Notice:  Undefined index: rezervacije in C:\xampp1\htdocs\Fakultetska biblioteka\adminn.php on line 154
[27-Jun-2020 12:08:07 Europe/Berlin] PHP Notice:  Undefined index: rezervacije in C:\xampp1\htdocs\Fakultetska biblioteka\adminn.php on line 154
[27-Jun-2020 12:08:07 Europe/Berlin] PHP Notice:  Undefined index: rezervacije in C:\xampp1\htdocs\Fakultetska biblioteka\adminn.php on line 154
[27-Jun-2020 12:08:07 Europe/Berlin] PHP Notice:  Undefined index: rezervacije in C:\xampp1\htdocs\Fakultetska biblioteka\adminn.php on line 154
[27-Jun-2020 12:08:07 Europe/Berlin] PHP Notice:  Undefined index: rezervacije in C:\xampp1\htdocs\Fakultetska biblioteka\adminn.php on line 154
[27-Jun-2020 12:08:19 Europe/Berlin] PHP Notice:  session_start(): A session had already been started - ignoring in C:\xampp1\htdocs\Fakultetska biblioteka\baza i conn\functions.php on line 2
[27-Jun-2020 12:08:19 Europe/Berlin] PHP Notice:  Undefined index: username in C:\xampp1\htdocs\Fakultetska biblioteka\adminn.php on line 40
[27-Jun-2020 12:08:19 Europe/Berlin] PHP Notice:  Undefined variable: search_rs in C:\xampp1\htdocs\Fakultetska biblioteka\adminn.php on line 132
[27-Jun-2020 12:08:19 Europe/Berlin] PHP Notice:  Undefined index: rezervacije in C:\xampp1\htdocs\Fakultetska biblioteka\adminn.php on line 154
[27-Jun-2020 12:08:19 Europe/Berlin] PHP Notice:  Undefined index: rezervacije in C:\xampp1\htdocs\Fakultetska biblioteka\adminn.php on line 154
[27-Jun-2020 12:08:19 Europe/Berlin] PHP Notice:  Undefined index: rezervacije in C:\xampp1\htdocs\Fakultetska biblioteka\adminn.php on line 154
[27-Jun-2020 12:08:19 Europe/Berlin] PHP Notice:  Undefined index: rezervacije in C:\xampp1\htdocs\Fakultetska biblioteka\adminn.php on line 154
[27-Jun-2020 12:08:19 Europe/Berlin] PHP Notice:  Undefined index: rezervacije in C:\xampp1\htdocs\Fakultetska biblioteka\adminn.php on line 154
[27-Jun-2020 12:08:19 Europe/Berlin] PHP Notice:  Undefined index: rezervacije in C:\xampp1\htdocs\Fakultetska biblioteka\adminn.php on line 154
[27-Jun-2020 12:08:19 Europe/Berlin] PHP Notice:  Undefined index: rezervacije in C:\xampp1\htdocs\Fakultetska biblioteka\adminn.php on line 154
[27-Jun-2020 12:08:19 Europe/Berlin] PHP Notice:  Undefined index: rezervacije in C:\xampp1\htdocs\Fakultetska biblioteka\adminn.php on line 154
[27-Jun-2020 12:08:19 Europe/Berlin] PHP Notice:  Undefined index: rezervacije in C:\xampp1\htdocs\Fakultetska biblioteka\adminn.php on line 154
[27-Jun-2020 12:08:19 Europe/Berlin] PHP Notice:  Undefined index: rezervacije in C:\xampp1\htdocs\Fakultetska biblioteka\adminn.php on line 154
[27-Jun-2020 12:08:19 Europe/Berlin] PHP Notice:  Undefined index: rezervacije in C:\xampp1\htdocs\Fakultetska biblioteka\adminn.php on line 154
[27-Jun-2020 12:08:52 Europe/Berlin] PHP Notice:  session_start(): A session had already been started - ignoring in C:\xampp1\htdocs\Fakultetska biblioteka\baza i conn\functions.php on line 2
[27-Jun-2020 12:08:52 Europe/Berlin] PHP Notice:  Undefined index: username in C:\xampp1\htdocs\Fakultetska biblioteka\adminn.php on line 40
[27-Jun-2020 12:08:52 Europe/Berlin] PHP Notice:  Undefined variable: search_rs in C:\xampp1\htdocs\Fakultetska biblioteka\adminn.php on line 132
[27-Jun-2020 12:08:52 Europe/Berlin] PHP Notice:  Undefined index: rezervacije in C:\xampp1\htdocs\Fakultetska biblioteka\adminn.php on line 154
[27-Jun-2020 12:08:52 Europe/Berlin] PHP Notice:  Undefined index: rezervacije in C:\xampp1\htdocs\Fakultetska biblioteka\adminn.php on line 154
[27-Jun-2020 12:08:52 Europe/Berlin] PHP Notice:  Undefined index: rezervacije in C:\xampp1\htdocs\Fakultetska biblioteka\adminn.php on line 154
[27-Jun-2020 12:08:52 Europe/Berlin] PHP Notice:  Undefined index: rezervacije in C:\xampp1\htdocs\Fakultetska biblioteka\adminn.php on line 154
[27-Jun-2020 12:08:52 Europe/Berlin] PHP Notice:  Undefined index: rezervacije in C:\xampp1\htdocs\Fakultetska biblioteka\adminn.php on line 154
[27-Jun-2020 12:08:52 Europe/Berlin] PHP Notice:  Undefined index: rezervacije in C:\xampp1\htdocs\Fakultetska biblioteka\adminn.php on line 154
[27-Jun-2020 12:08:52 Europe/Berlin] PHP Notice:  Undefined index: rezervacije in C:\xampp1\htdocs\Fakultetska biblioteka\adminn.php on line 154
[27-Jun-2020 12:08:52 Europe/Berlin] PHP Notice:  Undefined index: rezervacije in C:\xampp1\htdocs\Fakultetska biblioteka\adminn.php on line 154
[27-Jun-2020 12:08:52 Europe/Berlin] PHP Notice:  Undefined index: rezervacije in C:\xampp1\htdocs\Fakultetska biblioteka\adminn.php on line 154
[27-Jun-2020 12:08:52 Europe/Berlin] PHP Notice:  Undefined index: rezervacije in C:\xampp1\htdocs\Fakultetska biblioteka\adminn.php on line 154
[27-Jun-2020 12:08:52 Europe/Berlin] PHP Notice:  Undefined index: rezervacije in C:\xampp1\htdocs\Fakultetska biblioteka\adminn.php on line 154
[27-Jun-2020 12:08:56 Europe/Berlin] PHP Notice:  session_start(): A session had already been started - ignoring in C:\xampp1\htdocs\Fakultetska biblioteka\baza i conn\functions.php on line 2
[27-Jun-2020 12:08:56 Europe/Berlin] PHP Notice:  Undefined index: id in C:\xampp1\htdocs\Fakultetska biblioteka\index.php on line 9
[27-Jun-2020 12:09:23 Europe/Berlin] PHP Notice:  session_start(): A session had already been started - ignoring in C:\xampp1\htdocs\Fakultetska biblioteka\baza i conn\functions.php on line 2
[27-Jun-2020 12:09:23 Europe/Berlin] PHP Notice:  Undefined index: id in C:\xampp1\htdocs\Fakultetska biblioteka\index.php on line 9
[27-Jun-2020 12:09:40 Europe/Berlin] PHP Notice:  session_start(): A session had already been started - ignoring in C:\xampp1\htdocs\Fakultetska biblioteka\baza i conn\functions.php on line 2
[27-Jun-2020 12:09:40 Europe/Berlin] PHP Notice:  Undefined index: id in C:\xampp1\htdocs\Fakultetska biblioteka\index.php on line 9
[27-Jun-2020 12:09:54 Europe/Berlin] PHP Notice:  session_start(): A session had already been started - ignoring in C:\xampp1\htdocs\Fakultetska biblioteka\baza i conn\functions.php on line 2
[27-Jun-2020 12:09:54 Europe/Berlin] PHP Notice:  Undefined index: id in C:\xampp1\htdocs\Fakultetska biblioteka\index.php on line 9
[27-Jun-2020 12:10:01 Europe/Berlin] PHP Notice:  session_start(): A session had already been started - ignoring in C:\xampp1\htdocs\Fakultetska biblioteka\baza i conn\functions.php on line 2
[27-Jun-2020 12:10:01 Europe/Berlin] PHP Notice:  Undefined index: id in C:\xampp1\htdocs\Fakultetska biblioteka\index.php on line 9
[27-Jun-2020 14:19:55 Europe/Berlin] PHP Notice:  session_start(): A session had already been started - ignoring in C:\xampp1\htdocs\Fakultetska biblioteka\baza i conn\functions.php on line 2
[27-Jun-2020 14:19:55 Europe/Berlin] PHP Notice:  Undefined index: id in C:\xampp1\htdocs\Fakultetska biblioteka\index.php on line 9
[27-Jun-2020 18:46:46 Europe/Berlin] PHP Notice:  session_start(): A session had already been started - ignoring in C:\xampp1\htdocs\Fakultetska biblioteka\baza i conn\functions.php on line 2
[27-Jun-2020 18:46:46 Europe/Berlin] PHP Notice:  Undefined index: id in C:\xampp1\htdocs\Fakultetska biblioteka\index.php on line 9
[27-Jun-2020 18:46:49 Europe/Berlin] PHP Notice:  session_start(): A session had already been started - ignoring in C:\xampp1\htdocs\Fakultetska biblioteka\baza i conn\functions.php on line 2
[27-Jun-2020 18:46:49 Europe/Berlin] PHP Notice:  Undefined index: id in C:\xampp1\htdocs\Fakultetska biblioteka\index.php on line 9
[27-Jun-2020 18:47:01 Europe/Berlin] PHP Notice:  session_start(): A session had already been started - ignoring in C:\xampp1\htdocs\Fakultetska biblioteka\baza i conn\functions.php on line 2
[27-Jun-2020 18:47:01 Europe/Berlin] PHP Notice:  Undefined index: id in C:\xampp1\htdocs\Fakultetska biblioteka\index.php on line 9
[27-Jun-2020 18:47:31 Europe/Berlin] PHP Notice:  session_start(): A session had already been started - ignoring in C:\xampp1\htdocs\Fakultetska biblioteka\baza i conn\functions.php on line 2
[27-Jun-2020 18:47:32 Europe/Berlin] PHP Notice:  Undefined index: id in C:\xampp1\htdocs\Fakultetska biblioteka\index.php on line 9
[27-Jun-2020 18:48:44 Europe/Berlin] PHP Notice:  session_start(): A session had already been started - ignoring in C:\xampp1\htdocs\Fakultetska biblioteka\baza i conn\functions.php on line 2
[27-Jun-2020 18:48:44 Europe/Berlin] PHP Notice:  Undefined index: username in C:\xampp1\htdocs\Fakultetska biblioteka\adminn.php on line 40
[27-Jun-2020 18:48:44 Europe/Berlin] PHP Notice:  Undefined variable: search_rs in C:\xampp1\htdocs\Fakultetska biblioteka\adminn.php on line 132
[27-Jun-2020 18:48:44 Europe/Berlin] PHP Notice:  Undefined index: rezervacije in C:\xampp1\htdocs\Fakultetska biblioteka\adminn.php on line 154
[27-Jun-2020 18:48:44 Europe/Berlin] PHP Notice:  Undefined index: rezervacije in C:\xampp1\htdocs\Fakultetska biblioteka\adminn.php on line 154
[27-Jun-2020 18:48:44 Europe/Berlin] PHP Notice:  Undefined index: rezervacije in C:\xampp1\htdocs\Fakultetska biblioteka\adminn.php on line 154
[27-Jun-2020 18:48:44 Europe/Berlin] PHP Notice:  Undefined index: rezervacije in C:\xampp1\htdocs\Fakultetska biblioteka\adminn.php on line 154
[27-Jun-2020 18:48:44 Europe/Berlin] PHP Notice:  Undefined index: rezervacije in C:\xampp1\htdocs\Fakultetska biblioteka\adminn.php on line 154
[27-Jun-2020 18:48:44 Europe/Berlin] PHP Notice:  Undefined index: rezervacije in C:\xampp1\htdocs\Fakultetska biblioteka\adminn.php on line 154
[27-Jun-2020 18:48:44 Europe/Berlin] PHP Notice:  Undefined index: rezervacije in C:\xampp1\htdocs\Fakultetska biblioteka\adminn.php on line 154
[27-Jun-2020 18:48:44 Europe/Berlin] PHP Notice:  Undefined index: rezervacije in C:\xampp1\htdocs\Fakultetska biblioteka\adminn.php on line 154
[27-Jun-2020 18:48:44 Europe/Berlin] PHP Notice:  Undefined index: rezervacije in C:\xampp1\htdocs\Fakultetska biblioteka\adminn.php on line 154
[27-Jun-2020 18:48:44 Europe/Berlin] PHP Notice:  Undefined index: rezervacije in C:\xampp1\htdocs\Fakultetska biblioteka\adminn.php on line 154
[27-Jun-2020 18:48:44 Europe/Berlin] PHP Notice:  Undefined index: rezervacije in C:\xampp1\htdocs\Fakultetska biblioteka\adminn.php on line 154
[27-Jun-2020 18:48:44 Europe/Berlin] PHP Notice:  Undefined index: rezervacije in C:\xampp1\htdocs\Fakultetska biblioteka\adminn.php on line 154
[27-Jun-2020 18:48:44 Europe/Berlin] PHP Notice:  Undefined index: rezervacije in C:\xampp1\htdocs\Fakultetska biblioteka\adminn.php on line 154
[27-Jun-2020 18:48:52 Europe/Berlin] PHP Notice:  session_start(): A session had already been started - ignoring in C:\xampp1\htdocs\Fakultetska biblioteka\baza i conn\functions.php on line 2
[27-Jun-2020 18:48:52 Europe/Berlin] PHP Notice:  Undefined index: username in C:\xampp1\htdocs\Fakultetska biblioteka\adminn.php on line 40
[27-Jun-2020 18:48:52 Europe/Berlin] PHP Notice:  Undefined variable: search_rs in C:\xampp1\htdocs\Fakultetska biblioteka\adminn.php on line 132
[27-Jun-2020 18:48:52 Europe/Berlin] PHP Notice:  Undefined index: rezervacije in C:\xampp1\htdocs\Fakultetska biblioteka\adminn.php on line 154
[27-Jun-2020 18:48:52 Europe/Berlin] PHP Notice:  Undefined index: rezervacije in C:\xampp1\htdocs\Fakultetska biblioteka\adminn.php on line 154
[27-Jun-2020 18:48:52 Europe/Berlin] PHP Notice:  Undefined index: rezervacije in C:\xampp1\htdocs\Fakultetska biblioteka\adminn.php on line 154
[27-Jun-2020 18:48:52 Europe/Berlin] PHP Notice:  Undefined index: rezervacije in C:\xampp1\htdocs\Fakultetska biblioteka\adminn.php on line 154
[27-Jun-2020 18:48:52 Europe/Berlin] PHP Notice:  Undefined index: rezervacije in C:\xampp1\htdocs\Fakultetska biblioteka\adminn.php on line 154
[27-Jun-2020 18:48:52 Europe/Berlin] PHP Notice:  Undefined index: rezervacije in C:\xampp1\htdocs\Fakultetska biblioteka\adminn.php on line 154
[27-Jun-2020 18:48:52 Europe/Berlin] PHP Notice:  Undefined index: rezervacije in C:\xampp1\htdocs\Fakultetska biblioteka\adminn.php on line 154
[27-Jun-2020 18:48:52 Europe/Berlin] PHP Notice:  Undefined index: rezervacije in C:\xampp1\htdocs\Fakultetska biblioteka\adminn.php on line 154
[27-Jun-2020 18:48:52 Europe/Berlin] PHP Notice:  Undefined index: rezervacije in C:\xampp1\htdocs\Fakultetska biblioteka\adminn.php on line 154
[27-Jun-2020 18:48:52 Europe/Berlin] PHP Notice:  Undefined index: rezervacije in C:\xampp1\htdocs\Fakultetska biblioteka\adminn.php on line 154
[27-Jun-2020 18:48:52 Europe/Berlin] PHP Notice:  Undefined index: rezervacije in C:\xampp1\htdocs\Fakultetska biblioteka\adminn.php on line 154
[27-Jun-2020 18:48:52 Europe/Berlin] PHP Notice:  Undefined index: rezervacije in C:\xampp1\htdocs\Fakultetska biblioteka\adminn.php on line 154
[27-Jun-2020 18:48:52 Europe/Berlin] PHP Notice:  Undefined index: rezervacije in C:\xampp1\htdocs\Fakultetska biblioteka\adminn.php on line 154
[27-Jun-2020 18:49:00 Europe/Berlin] PHP Notice:  session_start(): A session had already been started - ignoring in C:\xampp1\htdocs\Fakultetska biblioteka\baza i conn\functions.php on line 2
[27-Jun-2020 18:49:00 Europe/Berlin] PHP Notice:  Undefined index: username in C:\xampp1\htdocs\Fakultetska biblioteka\adminn.php on line 40
[27-Jun-2020 18:49:00 Europe/Berlin] PHP Notice:  Undefined variable: search_rs in C:\xampp1\htdocs\Fakultetska biblioteka\adminn.php on line 132
[27-Jun-2020 18:49:00 Europe/Berlin] PHP Notice:  Undefined index: rezervacije in C:\xampp1\htdocs\Fakultetska biblioteka\adminn.php on line 154
[27-Jun-2020 18:49:00 Europe/Berlin] PHP Notice:  Undefined index: rezervacije in C:\xampp1\htdocs\Fakultetska biblioteka\adminn.php on line 154
[27-Jun-2020 18:49:00 Europe/Berlin] PHP Notice:  Undefined index: rezervacije in C:\xampp1\htdocs\Fakultetska biblioteka\adminn.php on line 154
[27-Jun-2020 18:49:00 Europe/Berlin] PHP Notice:  Undefined index: rezervacije in C:\xampp1\htdocs\Fakultetska biblioteka\adminn.php on line 154
[27-Jun-2020 18:49:00 Europe/Berlin] PHP Notice:  Undefined index: rezervacije in C:\xampp1\htdocs\Fakultetska biblioteka\adminn.php on line 154
[27-Jun-2020 18:49:00 Europe/Berlin] PHP Notice:  Undefined index: rezervacije in C:\xampp1\htdocs\Fakultetska biblioteka\adminn.php on line 154
[27-Jun-2020 18:49:00 Europe/Berlin] PHP Notice:  Undefined index: rezervacije in C:\xampp1\htdocs\Fakultetska biblioteka\adminn.php on line 154
[27-Jun-2020 18:49:00 Europe/Berlin] PHP Notice:  Undefined index: rezervacije in C:\xampp1\htdocs\Fakultetska biblioteka\adminn.php on line 154
[27-Jun-2020 18:49:00 Europe/Berlin] PHP Notice:  Undefined index: rezervacije in C:\xampp1\htdocs\Fakultetska biblioteka\adminn.php on line 154
[27-Jun-2020 18:49:00 Europe/Berlin] PHP Notice:  Undefined index: rezervacije in C:\xampp1\htdocs\Fakultetska biblioteka\adminn.php on line 154
[27-Jun-2020 18:49:00 Europe/Berlin] PHP Notice:  Undefined index: rezervacije in C:\xampp1\htdocs\Fakultetska biblioteka\adminn.php on line 154
[27-Jun-2020 18:49:00 Europe/Berlin] PHP Notice:  Undefined index: rezervacije in C:\xampp1\htdocs\Fakultetska biblioteka\adminn.php on line 154
[27-Jun-2020 18:49:00 Europe/Berlin] PHP Notice:  Undefined index: rezervacije in C:\xampp1\htdocs\Fakultetska biblioteka\adminn.php on line 154
[27-Jun-2020 18:49:04 Europe/Berlin] PHP Notice:  session_start(): A session had already been started - ignoring in C:\xampp1\htdocs\Fakultetska biblioteka\baza i conn\functions.php on line 2
[27-Jun-2020 18:49:04 Europe/Berlin] PHP Notice:  Undefined index: username in C:\xampp1\htdocs\Fakultetska biblioteka\adminn.php on line 40
[27-Jun-2020 18:49:04 Europe/Berlin] PHP Notice:  Undefined variable: search_rs in C:\xampp1\htdocs\Fakultetska biblioteka\adminn.php on line 132
[27-Jun-2020 18:49:04 Europe/Berlin] PHP Notice:  Undefined index: rezervacije in C:\xampp1\htdocs\Fakultetska biblioteka\adminn.php on line 154
[27-Jun-2020 18:49:04 Europe/Berlin] PHP Notice:  Undefined index: rezervacije in C:\xampp1\htdocs\Fakultetska biblioteka\adminn.php on line 154
[27-Jun-2020 18:49:04 Europe/Berlin] PHP Notice:  Undefined index: rezervacije in C:\xampp1\htdocs\Fakultetska biblioteka\adminn.php on line 154
[27-Jun-2020 18:49:04 Europe/Berlin] PHP Notice:  Undefined index: rezervacije in C:\xampp1\htdocs\Fakultetska biblioteka\adminn.php on line 154
[27-Jun-2020 18:49:04 Europe/Berlin] PHP Notice:  Undefined index: rezervacije in C:\xampp1\htdocs\Fakultetska biblioteka\adminn.php on line 154
[27-Jun-2020 18:49:04 Europe/Berlin] PHP Notice:  Undefined index: rezervacije in C:\xampp1\htdocs\Fakultetska biblioteka\adminn.php on line 154
[27-Jun-2020 18:49:04 Europe/Berlin] PHP Notice:  Undefined index: rezervacije in C:\xampp1\htdocs\Fakultetska biblioteka\adminn.php on line 154
[27-Jun-2020 18:49:04 Europe/Berlin] PHP Notice:  Undefined index: rezervacije in C:\xampp1\htdocs\Fakultetska biblioteka\adminn.php on line 154
[27-Jun-2020 18:49:04 Europe/Berlin] PHP Notice:  Undefined index: rezervacije in C:\xampp1\htdocs\Fakultetska biblioteka\adminn.php on line 154
[27-Jun-2020 18:49:04 Europe/Berlin] PHP Notice:  Undefined index: rezervacije in C:\xampp1\htdocs\Fakultetska biblioteka\adminn.php on line 154
[27-Jun-2020 18:49:04 Europe/Berlin] PHP Notice:  Undefined index: rezervacije in C:\xampp1\htdocs\Fakultetska biblioteka\adminn.php on line 154
[27-Jun-2020 18:49:04 Europe/Berlin] PHP Notice:  Undefined index: rezervacije in C:\xampp1\htdocs\Fakultetska biblioteka\adminn.php on line 154
[27-Jun-2020 18:49:04 Europe/Berlin] PHP Notice:  Undefined index: rezervacije in C:\xampp1\htdocs\Fakultetska biblioteka\adminn.php on line 154
[27-Jun-2020 18:49:36 Europe/Berlin] PHP Notice:  session_start(): A session had already been started - ignoring in C:\xampp1\htdocs\Fakultetska biblioteka\baza i conn\functions.php on line 2
[27-Jun-2020 18:49:36 Europe/Berlin] PHP Notice:  Undefined index: username in C:\xampp1\htdocs\Fakultetska biblioteka\adminn.php on line 40
[27-Jun-2020 18:49:36 Europe/Berlin] PHP Notice:  Undefined variable: search_rs in C:\xampp1\htdocs\Fakultetska biblioteka\adminn.php on line 132
[27-Jun-2020 18:49:36 Europe/Berlin] PHP Notice:  Undefined index: rezervacije in C:\xampp1\htdocs\Fakultetska biblioteka\adminn.php on line 154
[27-Jun-2020 18:49:36 Europe/Berlin] PHP Notice:  Undefined index: rezervacije in C:\xampp1\htdocs\Fakultetska biblioteka\adminn.php on line 154
[27-Jun-2020 18:49:36 Europe/Berlin] PHP Notice:  Undefined index: rezervacije in C:\xampp1\htdocs\Fakultetska biblioteka\adminn.php on line 154
[27-Jun-2020 18:49:37 Europe/Berlin] PHP Notice:  Undefined index: rezervacije in C:\xampp1\htdocs\Fakultetska biblioteka\adminn.php on line 154
[27-Jun-2020 18:49:37 Europe/Berlin] PHP Notice:  Undefined index: rezervacije in C:\xampp1\htdocs\Fakultetska biblioteka\adminn.php on line 154
[27-Jun-2020 18:49:37 Europe/Berlin] PHP Notice:  Undefined index: rezervacije in C:\xampp1\htdocs\Fakultetska biblioteka\adminn.php on line 154
[27-Jun-2020 18:49:37 Europe/Berlin] PHP Notice:  Undefined index: rezervacije in C:\xampp1\htdocs\Fakultetska biblioteka\adminn.php on line 154
[27-Jun-2020 18:49:37 Europe/Berlin] PHP Notice:  Undefined index: rezervacije in C:\xampp1\htdocs\Fakultetska biblioteka\adminn.php on line 154
[27-Jun-2020 18:49:37 Europe/Berlin] PHP Notice:  Undefined index: rezervacije in C:\xampp1\htdocs\Fakultetska biblioteka\adminn.php on line 154
[27-Jun-2020 18:49:37 Europe/Berlin] PHP Notice:  Undefined index: rezervacije in C:\xampp1\htdocs\Fakultetska biblioteka\adminn.php on line 154
[27-Jun-2020 18:49:37 Europe/Berlin] PHP Notice:  Undefined index: rezervacije in C:\xampp1\htdocs\Fakultetska biblioteka\adminn.php on line 154
[27-Jun-2020 18:49:37 Europe/Berlin] PHP Notice:  Undefined index: rezervacije in C:\xampp1\htdocs\Fakultetska biblioteka\adminn.php on line 154
[27-Jun-2020 18:49:37 Europe/Berlin] PHP Notice:  Undefined index: rezervacije in C:\xampp1\htdocs\Fakultetska biblioteka\adminn.php on line 154
[27-Jun-2020 18:49:43 Europe/Berlin] PHP Notice:  session_start(): A session had already been started - ignoring in C:\xampp1\htdocs\Fakultetska biblioteka\baza i conn\functions.php on line 2
[27-Jun-2020 18:49:43 Europe/Berlin] PHP Notice:  Undefined index: id in C:\xampp1\htdocs\Fakultetska biblioteka\index.php on line 9
[27-Jun-2020 18:50:06 Europe/Berlin] PHP Notice:  session_start(): A session had already been started - ignoring in C:\xampp1\htdocs\Fakultetska biblioteka\baza i conn\functions.php on line 2
[27-Jun-2020 18:50:06 Europe/Berlin] PHP Notice:  Undefined index: id in C:\xampp1\htdocs\Fakultetska biblioteka\index.php on line 9
[27-Jun-2020 18:50:32 Europe/Berlin] PHP Notice:  session_start(): A session had already been started - ignoring in C:\xampp1\htdocs\Fakultetska biblioteka\baza i conn\functions.php on line 2
[27-Jun-2020 18:50:32 Europe/Berlin] PHP Notice:  Undefined index: id in C:\xampp1\htdocs\Fakultetska biblioteka\index.php on line 9
[30-Jun-2020 09:06:07 Europe/Berlin] PHP Notice:  session_start(): A session had already been started - ignoring in C:\xampp1\htdocs\Fakultetska biblioteka\baza i conn\functions.php on line 2
[30-Jun-2020 09:06:07 Europe/Berlin] PHP Notice:  Undefined index: id in C:\xampp1\htdocs\Fakultetska biblioteka\index.php on line 9
[30-Jun-2020 09:54:09 Europe/Berlin] PHP Notice:  session_start(): A session had already been started - ignoring in C:\xampp1\htdocs\Fakultetska biblioteka\baza i conn\functions.php on line 2
[30-Jun-2020 09:54:09 Europe/Berlin] PHP Notice:  Undefined index: id in C:\xampp1\htdocs\Fakultetska biblioteka\index.php on line 9
[30-Jun-2020 10:06:58 Europe/Berlin] PHP Notice:  session_start(): A session had already been started - ignoring in C:\xampp1\htdocs\Fakultetska biblioteka\baza i conn\functions.php on line 2
[30-Jun-2020 10:06:58 Europe/Berlin] PHP Notice:  Undefined index: id in C:\xampp1\htdocs\Fakultetska biblioteka\index.php on line 9
[30-Jun-2020 10:07:03 Europe/Berlin] PHP Notice:  session_start(): A session had already been started - ignoring in C:\xampp1\htdocs\Fakultetska biblioteka\baza i conn\functions.php on line 2
[30-Jun-2020 10:07:03 Europe/Berlin] PHP Notice:  Undefined index: username in C:\xampp1\htdocs\Fakultetska biblioteka\adminn.php on line 40
[30-Jun-2020 10:07:04 Europe/Berlin] PHP Notice:  Undefined variable: search_rs in C:\xampp1\htdocs\Fakultetska biblioteka\adminn.php on line 132
[30-Jun-2020 10:07:04 Europe/Berlin] PHP Notice:  Undefined index: rezervacije in C:\xampp1\htdocs\Fakultetska biblioteka\adminn.php on line 154
[30-Jun-2020 10:07:04 Europe/Berlin] PHP Notice:  Undefined index: rezervacije in C:\xampp1\htdocs\Fakultetska biblioteka\adminn.php on line 154
[30-Jun-2020 10:07:04 Europe/Berlin] PHP Notice:  Undefined index: rezervacije in C:\xampp1\htdocs\Fakultetska biblioteka\adminn.php on line 154
[30-Jun-2020 10:07:04 Europe/Berlin] PHP Notice:  Undefined index: rezervacije in C:\xampp1\htdocs\Fakultetska biblioteka\adminn.php on line 154
[30-Jun-2020 10:07:04 Europe/Berlin] PHP Notice:  Undefined index: rezervacije in C:\xampp1\htdocs\Fakultetska biblioteka\adminn.php on line 154
[30-Jun-2020 10:07:04 Europe/Berlin] PHP Notice:  Undefined index: rezervacije in C:\xampp1\htdocs\Fakultetska biblioteka\adminn.php on line 154
[30-Jun-2020 10:07:04 Europe/Berlin] PHP Notice:  Undefined index: rezervacije in C:\xampp1\htdocs\Fakultetska biblioteka\adminn.php on line 154
[30-Jun-2020 10:07:04 Europe/Berlin] PHP Notice:  Undefined index: rezervacije in C:\xampp1\htdocs\Fakultetska biblioteka\adminn.php on line 154
[30-Jun-2020 10:07:04 Europe/Berlin] PHP Notice:  Undefined index: rezervacije in C:\xampp1\htdocs\Fakultetska biblioteka\adminn.php on line 154
[30-Jun-2020 10:07:04 Europe/Berlin] PHP Notice:  Undefined index: rezervacije in C:\xampp1\htdocs\Fakultetska biblioteka\adminn.php on line 154
[30-Jun-2020 10:07:04 Europe/Berlin] PHP Notice:  Undefined index: rezervacije in C:\xampp1\htdocs\Fakultetska biblioteka\adminn.php on line 154
[30-Jun-2020 10:07:04 Europe/Berlin] PHP Notice:  Undefined index: rezervacije in C:\xampp1\htdocs\Fakultetska biblioteka\adminn.php on line 154
[30-Jun-2020 10:07:04 Europe/Berlin] PHP Notice:  Undefined index: rezervacije in C:\xampp1\htdocs\Fakultetska biblioteka\adminn.php on line 154
[30-Jun-2020 10:07:08 Europe/Berlin] PHP Notice:  session_start(): A session had already been started - ignoring in C:\xampp1\htdocs\Fakultetska biblioteka\baza i conn\functions.php on line 2
[30-Jun-2020 10:07:08 Europe/Berlin] PHP Notice:  Undefined index: username in C:\xampp1\htdocs\Fakultetska biblioteka\adminn.php on line 40
[30-Jun-2020 10:07:08 Europe/Berlin] PHP Notice:  Undefined variable: search_rs in C:\xampp1\htdocs\Fakultetska biblioteka\adminn.php on line 132
[30-Jun-2020 10:07:08 Europe/Berlin] PHP Notice:  Undefined index: rezervacije in C:\xampp1\htdocs\Fakultetska biblioteka\adminn.php on line 154
[30-Jun-2020 10:07:08 Europe/Berlin] PHP Notice:  Undefined index: rezervacije in C:\xampp1\htdocs\Fakultetska biblioteka\adminn.php on line 154
[30-Jun-2020 10:07:08 Europe/Berlin] PHP Notice:  Undefined index: rezervacije in C:\xampp1\htdocs\Fakultetska biblioteka\adminn.php on line 154
[30-Jun-2020 10:07:08 Europe/Berlin] PHP Notice:  Undefined index: rezervacije in C:\xampp1\htdocs\Fakultetska biblioteka\adminn.php on line 154
[30-Jun-2020 10:07:08 Europe/Berlin] PHP Notice:  Undefined index: rezervacije in C:\xampp1\htdocs\Fakultetska biblioteka\adminn.php on line 154
[30-Jun-2020 10:07:08 Europe/Berlin] PHP Notice:  Undefined index: rezervacije in C:\xampp1\htdocs\Fakultetska biblioteka\adminn.php on line 154
[30-Jun-2020 10:07:08 Europe/Berlin] PHP Notice:  Undefined index: rezervacije in C:\xampp1\htdocs\Fakultetska biblioteka\adminn.php on line 154
[30-Jun-2020 10:07:08 Europe/Berlin] PHP Notice:  Undefined index: rezervacije in C:\xampp1\htdocs\Fakultetska biblioteka\adminn.php on line 154
[30-Jun-2020 10:07:08 Europe/Berlin] PHP Notice:  Undefined index: rezervacije in C:\xampp1\htdocs\Fakultetska biblioteka\adminn.php on line 154
[30-Jun-2020 10:07:08 Europe/Berlin] PHP Notice:  Undefined index: rezervacije in C:\xampp1\htdocs\Fakultetska biblioteka\adminn.php on line 154
[30-Jun-2020 10:07:08 Europe/Berlin] PHP Notice:  Undefined index: rezervacije in C:\xampp1\htdocs\Fakultetska biblioteka\adminn.php on line 154
[30-Jun-2020 10:07:08 Europe/Berlin] PHP Notice:  Undefined index: rezervacije in C:\xampp1\htdocs\Fakultetska biblioteka\adminn.php on line 154
[30-Jun-2020 10:07:08 Europe/Berlin] PHP Notice:  Undefined index: rezervacije in C:\xampp1\htdocs\Fakultetska biblioteka\adminn.php on line 154
[30-Jun-2020 10:07:32 Europe/Berlin] PHP Notice:  session_start(): A session had already been started - ignoring in C:\xampp1\htdocs\Fakultetska biblioteka\baza i conn\functions.php on line 2
[30-Jun-2020 10:07:32 Europe/Berlin] PHP Notice:  Undefined index: username in C:\xampp1\htdocs\Fakultetska biblioteka\adminn.php on line 40
[30-Jun-2020 10:07:32 Europe/Berlin] PHP Notice:  Undefined variable: search_rs in C:\xampp1\htdocs\Fakultetska biblioteka\adminn.php on line 132
[30-Jun-2020 10:07:32 Europe/Berlin] PHP Notice:  Undefined index: rezervacije in C:\xampp1\htdocs\Fakultetska biblioteka\adminn.php on line 154
[30-Jun-2020 10:07:32 Europe/Berlin] PHP Notice:  Undefined index: rezervacije in C:\xampp1\htdocs\Fakultetska biblioteka\adminn.php on line 154
[30-Jun-2020 10:07:32 Europe/Berlin] PHP Notice:  Undefined index: rezervacije in C:\xampp1\htdocs\Fakultetska biblioteka\adminn.php on line 154
[30-Jun-2020 10:07:32 Europe/Berlin] PHP Notice:  Undefined index: rezervacije in C:\xampp1\htdocs\Fakultetska biblioteka\adminn.php on line 154
[30-Jun-2020 10:07:32 Europe/Berlin] PHP Notice:  Undefined index: rezervacije in C:\xampp1\htdocs\Fakultetska biblioteka\adminn.php on line 154
[30-Jun-2020 10:07:32 Europe/Berlin] PHP Notice:  Undefined index: rezervacije in C:\xampp1\htdocs\Fakultetska biblioteka\adminn.php on line 154
[30-Jun-2020 10:07:32 Europe/Berlin] PHP Notice:  Undefined index: rezervacije in C:\xampp1\htdocs\Fakultetska biblioteka\adminn.php on line 154
[30-Jun-2020 10:07:33 Europe/Berlin] PHP Notice:  Undefined index: rezervacije in C:\xampp1\htdocs\Fakultetska biblioteka\adminn.php on line 154
[30-Jun-2020 10:07:33 Europe/Berlin] PHP Notice:  Undefined index: rezervacije in C:\xampp1\htdocs\Fakultetska biblioteka\adminn.php on line 154
[30-Jun-2020 10:07:33 Europe/Berlin] PHP Notice:  Undefined index: rezervacije in C:\xampp1\htdocs\Fakultetska biblioteka\adminn.php on line 154
[30-Jun-2020 10:07:33 Europe/Berlin] PHP Notice:  Undefined index: rezervacije in C:\xampp1\htdocs\Fakultetska biblioteka\adminn.php on line 154
[30-Jun-2020 10:07:33 Europe/Berlin] PHP Notice:  Undefined index: rezervacije in C:\xampp1\htdocs\Fakultetska biblioteka\adminn.php on line 154
[30-Jun-2020 10:07:33 Europe/Berlin] PHP Notice:  Undefined index: rezervacije in C:\xampp1\htdocs\Fakultetska biblioteka\adminn.php on line 154
[30-Jun-2020 10:07:37 Europe/Berlin] PHP Notice:  session_start(): A session had already been started - ignoring in C:\xampp1\htdocs\Fakultetska biblioteka\baza i conn\functions.php on line 2
[30-Jun-2020 10:07:37 Europe/Berlin] PHP Notice:  Undefined index: username in C:\xampp1\htdocs\Fakultetska biblioteka\adminn.php on line 40
[30-Jun-2020 10:07:37 Europe/Berlin] PHP Notice:  Undefined variable: search_rs in C:\xampp1\htdocs\Fakultetska biblioteka\adminn.php on line 132
[30-Jun-2020 10:07:37 Europe/Berlin] PHP Notice:  Undefined index: rezervacije in C:\xampp1\htdocs\Fakultetska biblioteka\adminn.php on line 154
[30-Jun-2020 10:07:37 Europe/Berlin] PHP Notice:  Undefined index: rezervacije in C:\xampp1\htdocs\Fakultetska biblioteka\adminn.php on line 154
[30-Jun-2020 10:07:37 Europe/Berlin] PHP Notice:  Undefined index: rezervacije in C:\xampp1\htdocs\Fakultetska biblioteka\adminn.php on line 154
[30-Jun-2020 10:07:37 Europe/Berlin] PHP Notice:  Undefined index: rezervacije in C:\xampp1\htdocs\Fakultetska biblioteka\adminn.php on line 154
[30-Jun-2020 10:07:37 Europe/Berlin] PHP Notice:  Undefined index: rezervacije in C:\xampp1\htdocs\Fakultetska biblioteka\adminn.php on line 154
[30-Jun-2020 10:07:37 Europe/Berlin] PHP Notice:  Undefined index: rezervacije in C:\xampp1\htdocs\Fakultetska biblioteka\adminn.php on line 154
[30-Jun-2020 10:07:37 Europe/Berlin] PHP Notice:  Undefined index: rezervacije in C:\xampp1\htdocs\Fakultetska biblioteka\adminn.php on line 154
[30-Jun-2020 10:07:37 Europe/Berlin] PHP Notice:  Undefined index: rezervacije in C:\xampp1\htdocs\Fakultetska biblioteka\adminn.php on line 154
[30-Jun-2020 10:07:37 Europe/Berlin] PHP Notice:  Undefined index: rezervacije in C:\xampp1\htdocs\Fakultetska biblioteka\adminn.php on line 154
[30-Jun-2020 10:07:37 Europe/Berlin] PHP Notice:  Undefined index: rezervacije in C:\xampp1\htdocs\Fakultetska biblioteka\adminn.php on line 154
[30-Jun-2020 10:07:37 Europe/Berlin] PHP Notice:  Undefined index: rezervacije in C:\xampp1\htdocs\Fakultetska biblioteka\adminn.php on line 154
[30-Jun-2020 10:07:37 Europe/Berlin] PHP Notice:  Undefined index: rezervacije in C:\xampp1\htdocs\Fakultetska biblioteka\adminn.php on line 154
[30-Jun-2020 10:07:37 Europe/Berlin] PHP Notice:  Undefined index: rezervacije in C:\xampp1\htdocs\Fakultetska biblioteka\adminn.php on line 154
[30-Jun-2020 10:08:44 Europe/Berlin] PHP Notice:  session_start(): A session had already been started - ignoring in C:\xampp1\htdocs\Fakultetska biblioteka\baza i conn\functions.php on line 2
[30-Jun-2020 10:08:44 Europe/Berlin] PHP Notice:  Undefined index: username in C:\xampp1\htdocs\Fakultetska biblioteka\adminn.php on line 40
[30-Jun-2020 10:08:44 Europe/Berlin] PHP Notice:  Undefined variable: search_rs in C:\xampp1\htdocs\Fakultetska biblioteka\adminn.php on line 132
[30-Jun-2020 10:08:44 Europe/Berlin] PHP Notice:  Undefined index: rezervacije in C:\xampp1\htdocs\Fakultetska biblioteka\adminn.php on line 154
[30-Jun-2020 10:08:44 Europe/Berlin] PHP Notice:  Undefined index: rezervacije in C:\xampp1\htdocs\Fakultetska biblioteka\adminn.php on line 154
[30-Jun-2020 10:08:44 Europe/Berlin] PHP Notice:  Undefined index: rezervacije in C:\xampp1\htdocs\Fakultetska biblioteka\adminn.php on line 154
[30-Jun-2020 10:08:44 Europe/Berlin] PHP Notice:  Undefined index: rezervacije in C:\xampp1\htdocs\Fakultetska biblioteka\adminn.php on line 154
[30-Jun-2020 10:08:44 Europe/Berlin] PHP Notice:  Undefined index: rezervacije in C:\xampp1\htdocs\Fakultetska biblioteka\adminn.php on line 154
[30-Jun-2020 10:08:44 Europe/Berlin] PHP Notice:  Undefined index: rezervacije in C:\xampp1\htdocs\Fakultetska biblioteka\adminn.php on line 154
[30-Jun-2020 10:08:44 Europe/Berlin] PHP Notice:  Undefined index: rezervacije in C:\xampp1\htdocs\Fakultetska biblioteka\adminn.php on line 154
[30-Jun-2020 10:08:44 Europe/Berlin] PHP Notice:  Undefined index: rezervacije in C:\xampp1\htdocs\Fakultetska biblioteka\adminn.php on line 154
[30-Jun-2020 10:08:44 Europe/Berlin] PHP Notice:  Undefined index: rezervacije in C:\xampp1\htdocs\Fakultetska biblioteka\adminn.php on line 154
[30-Jun-2020 10:08:44 Europe/Berlin] PHP Notice:  Undefined index: rezervacije in C:\xampp1\htdocs\Fakultetska biblioteka\adminn.php on line 154
[30-Jun-2020 10:08:44 Europe/Berlin] PHP Notice:  Undefined index: rezervacije in C:\xampp1\htdocs\Fakultetska biblioteka\adminn.php on line 154
[30-Jun-2020 10:08:44 Europe/Berlin] PHP Notice:  Undefined index: rezervacije in C:\xampp1\htdocs\Fakultetska biblioteka\adminn.php on line 154
[30-Jun-2020 10:08:44 Europe/Berlin] PHP Notice:  Undefined index: rezervacije in C:\xampp1\htdocs\Fakultetska biblioteka\adminn.php on line 154
[30-Jun-2020 10:09:04 Europe/Berlin] PHP Notice:  session_start(): A session had already been started - ignoring in C:\xampp1\htdocs\Fakultetska biblioteka\baza i conn\functions.php on line 2
[30-Jun-2020 10:09:04 Europe/Berlin] PHP Notice:  Undefined index: username in C:\xampp1\htdocs\Fakultetska biblioteka\adminn.php on line 40
[30-Jun-2020 10:09:04 Europe/Berlin] PHP Notice:  Undefined variable: search_rs in C:\xampp1\htdocs\Fakultetska biblioteka\adminn.php on line 132
[30-Jun-2020 10:09:04 Europe/Berlin] PHP Notice:  Undefined index: rezervacije in C:\xampp1\htdocs\Fakultetska biblioteka\adminn.php on line 154
[30-Jun-2020 10:09:04 Europe/Berlin] PHP Notice:  Undefined index: rezervacije in C:\xampp1\htdocs\Fakultetska biblioteka\adminn.php on line 154
[30-Jun-2020 10:09:04 Europe/Berlin] PHP Notice:  Undefined index: rezervacije in C:\xampp1\htdocs\Fakultetska biblioteka\adminn.php on line 154
[30-Jun-2020 10:09:04 Europe/Berlin] PHP Notice:  Undefined index: rezervacije in C:\xampp1\htdocs\Fakultetska biblioteka\adminn.php on line 154
[30-Jun-2020 10:09:04 Europe/Berlin] PHP Notice:  Undefined index: rezervacije in C:\xampp1\htdocs\Fakultetska biblioteka\adminn.php on line 154
[30-Jun-2020 10:09:04 Europe/Berlin] PHP Notice:  Undefined index: rezervacije in C:\xampp1\htdocs\Fakultetska biblioteka\adminn.php on line 154
[30-Jun-2020 10:09:04 Europe/Berlin] PHP Notice:  Undefined index: rezervacije in C:\xampp1\htdocs\Fakultetska biblioteka\adminn.php on line 154
[30-Jun-2020 10:09:04 Europe/Berlin] PHP Notice:  Undefined index: rezervacije in C:\xampp1\htdocs\Fakultetska biblioteka\adminn.php on line 154
[30-Jun-2020 10:09:04 Europe/Berlin] PHP Notice:  Undefined index: rezervacije in C:\xampp1\htdocs\Fakultetska biblioteka\adminn.php on line 154
[30-Jun-2020 10:09:04 Europe/Berlin] PHP Notice:  Undefined index: rezervacije in C:\xampp1\htdocs\Fakultetska biblioteka\adminn.php on line 154
[30-Jun-2020 10:09:04 Europe/Berlin] PHP Notice:  Undefined index: rezervacije in C:\xampp1\htdocs\Fakultetska biblioteka\adminn.php on line 154
[30-Jun-2020 10:09:04 Europe/Berlin] PHP Notice:  Undefined index: rezervacije in C:\xampp1\htdocs\Fakultetska biblioteka\adminn.php on line 154
[30-Jun-2020 10:09:04 Europe/Berlin] PHP Notice:  Undefined index: rezervacije in C:\xampp1\htdocs\Fakultetska biblioteka\adminn.php on line 154
[30-Jun-2020 10:09:17 Europe/Berlin] PHP Notice:  session_start(): A session had already been started - ignoring in C:\xampp1\htdocs\Fakultetska biblioteka\baza i conn\functions.php on line 2
[30-Jun-2020 10:09:17 Europe/Berlin] PHP Notice:  Undefined index: id in C:\xampp1\htdocs\Fakultetska biblioteka\index.php on line 9
[30-Jun-2020 10:10:07 Europe/Berlin] PHP Notice:  session_start(): A session had already been started - ignoring in C:\xampp1\htdocs\Fakultetska biblioteka\baza i conn\functions.php on line 2
[30-Jun-2020 10:10:07 Europe/Berlin] PHP Notice:  Undefined index: username in C:\xampp1\htdocs\Fakultetska biblioteka\adminn.php on line 40
[30-Jun-2020 10:10:08 Europe/Berlin] PHP Notice:  Undefined variable: search_rs in C:\xampp1\htdocs\Fakultetska biblioteka\adminn.php on line 132
[30-Jun-2020 10:10:08 Europe/Berlin] PHP Notice:  Undefined index: rezervacije in C:\xampp1\htdocs\Fakultetska biblioteka\adminn.php on line 154
[30-Jun-2020 10:10:08 Europe/Berlin] PHP Notice:  Undefined index: rezervacije in C:\xampp1\htdocs\Fakultetska biblioteka\adminn.php on line 154
[30-Jun-2020 10:10:08 Europe/Berlin] PHP Notice:  Undefined index: rezervacije in C:\xampp1\htdocs\Fakultetska biblioteka\adminn.php on line 154
[30-Jun-2020 10:10:08 Europe/Berlin] PHP Notice:  Undefined index: rezervacije in C:\xampp1\htdocs\Fakultetska biblioteka\adminn.php on line 154
[30-Jun-2020 10:10:08 Europe/Berlin] PHP Notice:  Undefined index: rezervacije in C:\xampp1\htdocs\Fakultetska biblioteka\adminn.php on line 154
[30-Jun-2020 10:10:08 Europe/Berlin] PHP Notice:  Undefined index: rezervacije in C:\xampp1\htdocs\Fakultetska biblioteka\adminn.php on line 154
[30-Jun-2020 10:10:08 Europe/Berlin] PHP Notice:  Undefined index: rezervacije in C:\xampp1\htdocs\Fakultetska biblioteka\adminn.php on line 154
[30-Jun-2020 10:10:08 Europe/Berlin] PHP Notice:  Undefined index: rezervacije in C:\xampp1\htdocs\Fakultetska biblioteka\adminn.php on line 154
[30-Jun-2020 10:10:08 Europe/Berlin] PHP Notice:  Undefined index: rezervacije in C:\xampp1\htdocs\Fakultetska biblioteka\adminn.php on line 154
[30-Jun-2020 10:10:08 Europe/Berlin] PHP Notice:  Undefined index: rezervacije in C:\xampp1\htdocs\Fakultetska biblioteka\adminn.php on line 154
[30-Jun-2020 10:10:08 Europe/Berlin] PHP Notice:  Undefined index: rezervacije in C:\xampp1\htdocs\Fakultetska biblioteka\adminn.php on line 154
[30-Jun-2020 10:10:08 Europe/Berlin] PHP Notice:  Undefined index: rezervacije in C:\xampp1\htdocs\Fakultetska biblioteka\adminn.php on line 154
[30-Jun-2020 10:10:08 Europe/Berlin] PHP Notice:  Undefined index: rezervacije in C:\xampp1\htdocs\Fakultetska biblioteka\adminn.php on line 154
[30-Jun-2020 10:10:08 Europe/Berlin] PHP Notice:  Undefined index: rezervacije in C:\xampp1\htdocs\Fakultetska biblioteka\adminn.php on line 154
[30-Jun-2020 10:10:40 Europe/Berlin] PHP Notice:  session_start(): A session had already been started - ignoring in C:\xampp1\htdocs\Fakultetska biblioteka\baza i conn\functions.php on line 2
[30-Jun-2020 10:10:40 Europe/Berlin] PHP Notice:  Undefined index: id in C:\xampp1\htdocs\Fakultetska biblioteka\index.php on line 9
[02-Jul-2020 17:54:41 Europe/Berlin] PHP Notice:  session_start(): A session had already been started - ignoring in C:\xampp1\htdocs\Fakultetska biblioteka\baza i conn\functions.php on line 2
[02-Jul-2020 17:54:41 Europe/Berlin] PHP Notice:  Undefined index: id in C:\xampp1\htdocs\Fakultetska biblioteka\index.php on line 9
[02-Jul-2020 17:54:52 Europe/Berlin] PHP Notice:  session_start(): A session had already been started - ignoring in C:\xampp1\htdocs\Fakultetska biblioteka\baza i conn\functions.php on line 2
[02-Jul-2020 17:54:52 Europe/Berlin] PHP Notice:  Undefined index: id in C:\xampp1\htdocs\Fakultetska biblioteka\index.php on line 9
[02-Jul-2020 17:54:56 Europe/Berlin] PHP Notice:  session_start(): A session had already been started - ignoring in C:\xampp1\htdocs\Fakultetska biblioteka\baza i conn\functions.php on line 2
[02-Jul-2020 17:54:56 Europe/Berlin] PHP Notice:  Undefined index: username in C:\xampp1\htdocs\Fakultetska biblioteka\adminn.php on line 40
[02-Jul-2020 17:54:56 Europe/Berlin] PHP Notice:  Undefined variable: search_rs in C:\xampp1\htdocs\Fakultetska biblioteka\adminn.php on line 132
[02-Jul-2020 17:54:56 Europe/Berlin] PHP Notice:  Undefined index: rezervacije in C:\xampp1\htdocs\Fakultetska biblioteka\adminn.php on line 154
[02-Jul-2020 17:54:56 Europe/Berlin] PHP Notice:  Undefined index: rezervacije in C:\xampp1\htdocs\Fakultetska biblioteka\adminn.php on line 154
[02-Jul-2020 17:54:56 Europe/Berlin] PHP Notice:  Undefined index: rezervacije in C:\xampp1\htdocs\Fakultetska biblioteka\adminn.php on line 154
[02-Jul-2020 17:54:56 Europe/Berlin] PHP Notice:  Undefined index: rezervacije in C:\xampp1\htdocs\Fakultetska biblioteka\adminn.php on line 154
[02-Jul-2020 17:54:56 Europe/Berlin] PHP Notice:  Undefined index: rezervacije in C:\xampp1\htdocs\Fakultetska biblioteka\adminn.php on line 154
[02-Jul-2020 17:54:56 Europe/Berlin] PHP Notice:  Undefined index: rezervacije in C:\xampp1\htdocs\Fakultetska biblioteka\adminn.php on line 154
[02-Jul-2020 17:54:56 Europe/Berlin] PHP Notice:  Undefined index: rezervacije in C:\xampp1\htdocs\Fakultetska biblioteka\adminn.php on line 154
[02-Jul-2020 17:54:56 Europe/Berlin] PHP Notice:  Undefined index: rezervacije in C:\xampp1\htdocs\Fakultetska biblioteka\adminn.php on line 154
[02-Jul-2020 17:54:56 Europe/Berlin] PHP Notice:  Undefined index: rezervacije in C:\xampp1\htdocs\Fakultetska biblioteka\adminn.php on line 154
[02-Jul-2020 17:54:56 Europe/Berlin] PHP Notice:  Undefined index: rezervacije in C:\xampp1\htdocs\Fakultetska biblioteka\adminn.php on line 154
[02-Jul-2020 17:54:56 Europe/Berlin] PHP Notice:  Undefined index: rezervacije in C:\xampp1\htdocs\Fakultetska biblioteka\adminn.php on line 154
[02-Jul-2020 17:54:57 Europe/Berlin] PHP Notice:  Undefined index: rezervacije in C:\xampp1\htdocs\Fakultetska biblioteka\adminn.php on line 154
[02-Jul-2020 17:54:57 Europe/Berlin] PHP Notice:  Undefined index: rezervacije in C:\xampp1\htdocs\Fakultetska biblioteka\adminn.php on line 154
[02-Jul-2020 17:54:57 Europe/Berlin] PHP Notice:  Undefined index: rezervacije in C:\xampp1\htdocs\Fakultetska biblioteka\adminn.php on line 154
